This file contains any messages produced by compilers while
running configure, to aid debugging if configure makes a mistake.

It was created by libass configure 0.10.2, which was
generated by GNU Autoconf 2.69.  Invocation command line was

  $ ./configure --prefix=/Users/fschuetz/Dropbox/devel/android/FFmpeg-Android/jni/libass/../ffmpeg-build/armeavi-v7a-neon --host=arm-linux --disable-fontconfig --disable-dependency-tracking --disable-shared --enable-static --with-pic --enable-neon

## --------- ##
## Platform. ##
## --------- ##

hostname = Fabians-Mac-Pro.local
uname -m = x86_64
uname -r = 12.5.0
uname -s = Darwin
uname -v = Darwin Kernel Version 12.5.0: Sun Sep 29 13:33:47 PDT 2013; root:xnu-2050.48.12~1/RELEASE_X86_64

/usr/bin/uname -p = i386
/bin/uname -X     = unknown

/bin/arch              = unknown
/usr/bin/arch -k       = unknown
/usr/convex/getsysinfo = unknown
/usr/bin/hostinfo      = Mach kernel version:
	 Darwin Kernel Version 12.5.0: Sun Sep 29 13:33:47 PDT 2013; root:xnu-2050.48.12~1/RELEASE_X86_64
Kernel configured for up to 8 processors.
4 processors are physically available.
8 processors are logically available.
Processor type: i486 (Intel 80486)
Processors active: 0 1 2 3 4 5 6 7
Primary memory available: 6.00 gigabytes
Default processor set: 125 tasks, 819 threads, 8 processors
Load average: 5.44, Mach factor: 2.74
/bin/machine           = unknown
/usr/bin/oslevel       = unknown
/bin/universe          = unknown

PATH: /Library/Java/JavaVirtualMachines/jdk1.7.0_51.jdk/Contents/Home/bin
PATH: /opt/boxen/homebrew/bin
PATH: /usr/local/share/npm/bin
PATH: /Applications/Xcode.app/Contents/Developer/usr/bin
PATH: /usr/local/sbin
PATH: /Users/fschuetz/android-sdks/platform-tools
PATH: /opt/boxen/bin
PATH: /Users/fschuetz/.cabal/bin
PATH: /opt/boxen/nvm/v0.8.8/bin
PATH: /opt/apache-ant-1.9.2/bin
PATH: /Users/fschuetz/bin
PATH: /Users/fschuetz/android-sdks/tools
PATH: node_modules/.bin
PATH: /opt/boxen/nodenv/shims
PATH: /opt/boxen/nodenv/bin
PATH: bin
PATH: /opt/boxen/rbenv/shims
PATH: /opt/boxen/rbenv/bin
PATH: /opt/boxen/rbenv/plugins/ruby-build/bin
PATH: /opt/boxen/bin
PATH: /opt/boxen/homebrew/bin
PATH: /opt/boxen/homebrew/sbin
PATH: /Library/Java/JavaVirtualMachines/jdk1.7.0_51.jdk/Contents/Home/bin
PATH: /opt/boxen/homebrew/bin
PATH: /usr/local/share/npm/bin
PATH: /Applications/Xcode.app/Contents/Developer/usr/bin
PATH: /usr/local/sbin
PATH: /Users/fschuetz/android-sdks/platform-tools
PATH: /opt/boxen/bin
PATH: /Users/fschuetz/.cabal/bin
PATH: /opt/boxen/nvm/v0.8.8/bin
PATH: /opt/apache-ant-1.9.2/bin
PATH: /Users/fschuetz/bin
PATH: /Users/fschuetz/android-sdks/tools
PATH: node_modules/.bin
PATH: /opt/boxen/nodenv/shims
PATH: /opt/boxen/nodenv/bin
PATH: bin
PATH: /opt/boxen/rbenv/shims
PATH: /opt/boxen/rbenv/bin
PATH: /opt/boxen/rbenv/plugins/ruby-build/bin
PATH: /opt/boxen/bin
PATH: /opt/boxen/homebrew/bin
PATH: /opt/boxen/homebrew/sbin
PATH: /Library/Java/JavaVirtualMachines/jdk1.7.0_51.jdk/Contents/Home/bin
PATH: /opt/boxen/homebrew/bin
PATH: /usr/local/share/npm/bin
PATH: /Applications/Xcode.app/Contents/Developer/usr/bin
PATH: /usr/local/sbin
PATH: /Users/fschuetz/android-sdks/platform-tools
PATH: /opt/boxen/bin
PATH: /Users/fschuetz/.cabal/bin
PATH: /opt/boxen/nvm/v0.8.8/bin
PATH: /opt/apache-ant-1.9.2/bin
PATH: /Users/fschuetz/bin
PATH: /Users/fschuetz/android-sdks/tools
PATH: node_modules/.bin
PATH: /opt/boxen/nodenv/shims
PATH: /opt/boxen/nodenv/bin
PATH: bin
PATH: /opt/boxen/rbenv/shims
PATH: /opt/boxen/rbenv/bin
PATH: /opt/boxen/rbenv/plugins/ruby-build/bin
PATH: /opt/boxen/bin
PATH: /opt/boxen/homebrew/bin
PATH: /opt/boxen/homebrew/sbin
PATH: /Library/Java/JavaVirtualMachines/jdk1.7.0_51.jdk/Contents/Home/bin
PATH: /opt/boxen/homebrew/bin
PATH: /usr/local/share/npm/bin
PATH: /Applications/Xcode.app/Contents/Developer/usr/bin
PATH: /usr/local/sbin
PATH: /Users/fschuetz/android-sdks/platform-tools
PATH: /opt/boxen/bin
PATH: /Users/fschuetz/.cabal/bin
PATH: /opt/boxen/nvm/v0.8.8/bin
PATH: /opt/apache-ant-1.9.2/bin
PATH: /Users/fschuetz/bin
PATH: /Users/fschuetz/android-sdks/tools
PATH: node_modules/.bin
PATH: /opt/boxen/nodenv/shims
PATH: /opt/boxen/nodenv/bin
PATH: bin
PATH: /opt/boxen/rbenv/shims
PATH: /opt/boxen/rbenv/bin
PATH: /opt/boxen/rbenv/plugins/ruby-build/bin
PATH: /opt/boxen/bin
PATH: /opt/boxen/homebrew/bin
PATH: /opt/boxen/homebrew/sbin
PATH: /Library/Java/JavaVirtualMachines/jdk1.7.0_51.jdk/Contents/Home/bin
PATH: /opt/boxen/homebrew/bin
PATH: /usr/local/share/npm/bin
PATH: /Applications/Xcode.app/Contents/Developer/usr/bin
PATH: /usr/local/sbin
PATH: /Users/fschuetz/android-sdks/platform-tools
PATH: /opt/boxen/bin
PATH: /Users/fschuetz/.cabal/bin
PATH: /opt/boxen/nvm/v0.8.8/bin
PATH: /opt/apache-ant-1.9.2/bin
PATH: /Users/fschuetz/bin
PATH: /opt/android-ndk-r9c/toolchains/arm-linux-androideabi-4.8/prebuilt/darwin-x86_64/bin
PATH: /opt/android-ndk-r9c
PATH: node_modules/.bin
PATH: /opt/boxen/nodenv/shims
PATH: /opt/boxen/nodenv/bin
PATH: bin
PATH: /opt/boxen/rbenv/shims
PATH: /opt/boxen/rbenv/bin
PATH: /opt/boxen/rbenv/plugins/ruby-build/bin
PATH: /opt/boxen/bin
PATH: /opt/boxen/homebrew/bin
PATH: /opt/boxen/homebrew/sbin
PATH: /usr/local/bin
PATH: /usr/bin
PATH: /bin
PATH: /usr/sbin
PATH: /sbin
PATH: /opt/X11/bin
PATH: export PATH=/Library/Java/JavaVirtualMachines/jdk1.7.0_51.jdk/Contents/Home/bin
PATH: $PATH
PATH: /usr/local/git/bin
PATH: /usr/texbin
PATH: /opt/android-ndk-r8e/toolchains/arm-linux-androideabi-4.7/prebuilt/darwin-x86_64/bin/
PATH: /opt/android-ndk-r8e/toolchains/arm-linux-androideabi-4.7/prebuilt/darwin-x86_64/bin/
PATH: /opt/android-ndk-r8e/toolchains/arm-linux-androideabi-4.7/prebuilt/darwin-x86_64/bin/
PATH: /opt/android-ndk-r8e/toolchains/arm-linux-androideabi-4.7/prebuilt/darwin-x86_64/bin/
PATH: /opt/android-ndk-r8e/toolchains/arm-linux-androideabi-4.7/prebuilt/darwin-x86_64/bin/
PATH: /opt/android-ndk-r8e/toolchains/arm-linux-androideabi-4.7/prebuilt/darwin-x86_64/bin/
PATH: /opt/android-ndk-r8e/toolchains/arm-linux-androideabi-4.7/prebuilt/darwin-x86_64/bin/


## ----------- ##
## Core tests. ##
## ----------- ##

configure:2531: checking for a BSD-compatible install
configure:2599: result: /usr/local/bin/install -c
configure:2610: checking whether build environment is sane
configure:2665: result: yes
configure:2724: checking for arm-linux-strip
configure:2751: result: /opt/android-ndk-r8e/toolchains/arm-linux-androideabi-4.7/prebuilt/darwin-x86_64/bin/arm-linux-androideabi-strip
configure:2816: checking for a thread-safe mkdir -p
configure:2855: result: /usr/local/bin/mkdir -p
configure:2862: checking for gawk
configure:2892: result: no
configure:2862: checking for mawk
configure:2892: result: no
configure:2862: checking for nawk
configure:2892: result: no
configure:2862: checking for awk
configure:2878: found /usr/bin/awk
configure:2889: result: awk
configure:2900: checking whether make sets $(MAKE)
configure:2922: result: yes
configure:2951: checking whether make supports nested variables
configure:2968: result: yes
configure:3126: checking build system type
configure:3140: result: i386-apple-darwin12.5.0
configure:3160: checking host system type
configure:3173: result: arm-unknown-linux-gnu
configure:3214: checking how to print strings
configure:3241: result: printf
configure:3274: checking for style of include used by make
configure:3302: result: GNU
configure:3333: checking for arm-linux-gcc
configure:3360: result: /opt/android-ndk-r8e/toolchains/arm-linux-androideabi-4.7/prebuilt/darwin-x86_64/bin/arm-linux-androideabi-gcc --sysroot=/opt/android-ndk-r8e/platforms/android-9/arch-arm/
configure:3629: checking for C compiler version
configure:3638: /opt/android-ndk-r8e/toolchains/arm-linux-androideabi-4.7/prebuilt/darwin-x86_64/bin/arm-linux-androideabi-gcc --sysroot=/opt/android-ndk-r8e/platforms/android-9/arch-arm/ --version >&5
arm-linux-androideabi-gcc (GCC) 4.7
Copyright (C) 2012 Free Software Foundation, Inc.
This is free software; see the source for copying conditions.  There is NO
warranty; not even for MERCHANTABILITY or FITNESS FOR A PARTICULAR PURPOSE.

configure:3649: $? = 0
configure:3638: /opt/android-ndk-r8e/toolchains/arm-linux-androideabi-4.7/prebuilt/darwin-x86_64/bin/arm-linux-androideabi-gcc --sysroot=/opt/android-ndk-r8e/platforms/android-9/arch-arm/ -v >&5
Using built-in specs.
COLLECT_GCC=/opt/android-ndk-r8e/toolchains/arm-linux-androideabi-4.7/prebuilt/darwin-x86_64/bin/arm-linux-androideabi-gcc
COLLECT_LTO_WRAPPER=/opt/android-ndk-r8e/toolchains/arm-linux-androideabi-4.7/prebuilt/darwin-x86_64/bin/../libexec/gcc/arm-linux-androideabi/4.7/lto-wrapper
Target: arm-linux-androideabi
Configured with: /s/ndk-toolchain/src/build/../gcc/gcc-4.7/configure --prefix=/tmp/ndk-User/build/toolchain/prefix --target=arm-linux-androideabi --host=x86_64-apple-darwin --build=x86_64-apple-darwin --with-gnu-as --with-gnu-ld --enable-languages=c,c++ --with-gmp=/tmp/ndk-User/build/toolchain/temp-install --with-mpfr=/tmp/ndk-User/build/toolchain/temp-install --with-mpc=/tmp/ndk-User/build/toolchain/temp-install --with-cloog=/tmp/ndk-User/build/toolchain/temp-install --with-ppl=/tmp/ndk-User/build/toolchain/temp-install --disable-ppl-version-check --disable-cloog-version-check --enable-cloog-backend=isl --with-host-libstdcxx='-static-libgcc -lstdc++ -lm' --disable-libssp --enable-threads --disable-nls --disable-libmudflap --disable-libgomp --disable-libstdc__-v3 --disable-sjlj-exceptions --disable-shared --disable-tls --disable-libitm --with-float=soft --with-fpu=vfp --with-arch=armv5te --enable-target-optspace --enable-initfini-array --disable-nls --prefix=/tmp/ndk-User/build/toolchain/prefix --with-sysroot=/tmp/ndk-User/build/toolchain/prefix/sysroot --with-binutils-version=2.22 --with-mpfr-version=3.1.1 --with-mpc-version=1.0.1 --with-gmp-version=5.0.5 --with-gcc-version=4.7 --with-gdb-version=7.3.x --with-gxx-include-dir=/tmp/ndk-User/build/toolchain/prefix/include/c++/4.7 --with-bugurl=http://source.android.com/source/report-bugs.html --disable-bootstrap --disable-libquadmath --enable-plugins --enable-libgomp --enable-gold --enable-graphite=yes --with-cloog-version=0.17.0 --with-ppl-version=1.0 --with-arch=armv5te --program-transform-name='s&^&arm-linux-androideabi-&' --enable-gold=default
Thread model: posix
gcc version 4.7 (GCC) 
configure:3649: $? = 0
configure:3638: /opt/android-ndk-r8e/toolchains/arm-linux-androideabi-4.7/prebuilt/darwin-x86_64/bin/arm-linux-androideabi-gcc --sysroot=/opt/android-ndk-r8e/platforms/android-9/arch-arm/ -V >&5
arm-linux-androideabi-gcc: error: unrecognized command line option '-V'
arm-linux-androideabi-gcc: fatal error: no input files
compilation terminated.
configure:3649: $? = 1
configure:3638: /opt/android-ndk-r8e/toolchains/arm-linux-androideabi-4.7/prebuilt/darwin-x86_64/bin/arm-linux-androideabi-gcc --sysroot=/opt/android-ndk-r8e/platforms/android-9/arch-arm/ -qversion >&5
arm-linux-androideabi-gcc: error: unrecognized command line option '-qversion'
arm-linux-androideabi-gcc: fatal error: no input files
compilation terminated.
configure:3649: $? = 1
configure:3669: checking whether the C compiler works
configure:3691: /opt/android-ndk-r8e/toolchains/arm-linux-androideabi-4.7/prebuilt/darwin-x86_64/bin/arm-linux-androideabi-gcc --sysroot=/opt/android-ndk-r8e/platforms/android-9/arch-arm/ -mfloat-abi=softfp -mfpu=neon -marm -march=armv7-a -mtune=cortex-a8 -mthumb -D__thumb__  -I/Users/fschuetz/Dropbox/devel/android/FFmpeg-Android/jni/ffmpeg-build/armeabi-v7a/include/freetype2 -mfloat-abi=softfp -mfpu=neon -marm -march=armv7-a -mtune=cortex-a8 -mthumb -D__thumb__  -I/Users/fschuetz/Dropbox/devel/android/FFmpeg-Android/jni/ffmpeg-build/armeabi-v7a/include/freetype2  -Wl,-rpath-link=/opt/android-ndk-r8e/platforms/android-9/arch-arm//usr/lib -L/opt/android-ndk-r8e/platforms/android-9/arch-arm//usr/lib -lc -lm -ldl -llog conftest.c  >&5
configure:3695: $? = 0
configure:3743: result: yes
configure:3746: checking for C compiler default output file name
configure:3748: result: a.out
configure:3754: checking for suffix of executables
configure:3761: /opt/android-ndk-r8e/toolchains/arm-linux-androideabi-4.7/prebuilt/darwin-x86_64/bin/arm-linux-androideabi-gcc --sysroot=/opt/android-ndk-r8e/platforms/android-9/arch-arm/ -o conftest -mfloat-abi=softfp -mfpu=neon -marm -march=armv7-a -mtune=cortex-a8 -mthumb -D__thumb__  -I/Users/fschuetz/Dropbox/devel/android/FFmpeg-Android/jni/ffmpeg-build/armeabi-v7a/include/freetype2 -mfloat-abi=softfp -mfpu=neon -marm -march=armv7-a -mtune=cortex-a8 -mthumb -D__thumb__  -I/Users/fschuetz/Dropbox/devel/android/FFmpeg-Android/jni/ffmpeg-build/armeabi-v7a/include/freetype2  -Wl,-rpath-link=/opt/android-ndk-r8e/platforms/android-9/arch-arm//usr/lib -L/opt/android-ndk-r8e/platforms/android-9/arch-arm//usr/lib -lc -lm -ldl -llog conftest.c  >&5
configure:3765: $? = 0
configure:3787: result: 
configure:3809: checking whether we are cross compiling
configure:3817: /opt/android-ndk-r8e/toolchains/arm-linux-androideabi-4.7/prebuilt/darwin-x86_64/bin/arm-linux-androideabi-gcc --sysroot=/opt/android-ndk-r8e/platforms/android-9/arch-arm/ -o conftest -mfloat-abi=softfp -mfpu=neon -marm -march=armv7-a -mtune=cortex-a8 -mthumb -D__thumb__  -I/Users/fschuetz/Dropbox/devel/android/FFmpeg-Android/jni/ffmpeg-build/armeabi-v7a/include/freetype2 -mfloat-abi=softfp -mfpu=neon -marm -march=armv7-a -mtune=cortex-a8 -mthumb -D__thumb__  -I/Users/fschuetz/Dropbox/devel/android/FFmpeg-Android/jni/ffmpeg-build/armeabi-v7a/include/freetype2  -Wl,-rpath-link=/opt/android-ndk-r8e/platforms/android-9/arch-arm//usr/lib -L/opt/android-ndk-r8e/platforms/android-9/arch-arm//usr/lib -lc -lm -ldl -llog conftest.c  >&5
configure:3821: $? = 0
configure:3828: ./conftest
./configure: line 3830: ./conftest: cannot execute binary file
configure:3832: $? = 126
configure:3847: result: yes
configure:3852: checking for suffix of object files
configure:3874: /opt/android-ndk-r8e/toolchains/arm-linux-androideabi-4.7/prebuilt/darwin-x86_64/bin/arm-linux-androideabi-gcc --sysroot=/opt/android-ndk-r8e/platforms/android-9/arch-arm/ -c -mfloat-abi=softfp -mfpu=neon -marm -march=armv7-a -mtune=cortex-a8 -mthumb -D__thumb__  -I/Users/fschuetz/Dropbox/devel/android/FFmpeg-Android/jni/ffmpeg-build/armeabi-v7a/include/freetype2 -mfloat-abi=softfp -mfpu=neon -marm -march=armv7-a -mtune=cortex-a8 -mthumb -D__thumb__  -I/Users/fschuetz/Dropbox/devel/android/FFmpeg-Android/jni/ffmpeg-build/armeabi-v7a/include/freetype2 conftest.c >&5
configure:3878: $? = 0
configure:3899: result: o
configure:3903: checking whether we are using the GNU C compiler
configure:3922: /opt/android-ndk-r8e/toolchains/arm-linux-androideabi-4.7/prebuilt/darwin-x86_64/bin/arm-linux-androideabi-gcc --sysroot=/opt/android-ndk-r8e/platforms/android-9/arch-arm/ -c -mfloat-abi=softfp -mfpu=neon -marm -march=armv7-a -mtune=cortex-a8 -mthumb -D__thumb__  -I/Users/fschuetz/Dropbox/devel/android/FFmpeg-Android/jni/ffmpeg-build/armeabi-v7a/include/freetype2 -mfloat-abi=softfp -mfpu=neon -marm -march=armv7-a -mtune=cortex-a8 -mthumb -D__thumb__  -I/Users/fschuetz/Dropbox/devel/android/FFmpeg-Android/jni/ffmpeg-build/armeabi-v7a/include/freetype2 conftest.c >&5
configure:3922: $? = 0
configure:3931: result: yes
configure:3940: checking whether /opt/android-ndk-r8e/toolchains/arm-linux-androideabi-4.7/prebuilt/darwin-x86_64/bin/arm-linux-androideabi-gcc --sysroot=/opt/android-ndk-r8e/platforms/android-9/arch-arm/ accepts -g
configure:3960: /opt/android-ndk-r8e/toolchains/arm-linux-androideabi-4.7/prebuilt/darwin-x86_64/bin/arm-linux-androideabi-gcc --sysroot=/opt/android-ndk-r8e/platforms/android-9/arch-arm/ -c -g -mfloat-abi=softfp -mfpu=neon -marm -march=armv7-a -mtune=cortex-a8 -mthumb -D__thumb__  -I/Users/fschuetz/Dropbox/devel/android/FFmpeg-Android/jni/ffmpeg-build/armeabi-v7a/include/freetype2 conftest.c >&5
configure:3960: $? = 0
configure:4001: result: yes
configure:4018: checking for /opt/android-ndk-r8e/toolchains/arm-linux-androideabi-4.7/prebuilt/darwin-x86_64/bin/arm-linux-androideabi-gcc --sysroot=/opt/android-ndk-r8e/platforms/android-9/arch-arm/ option to accept ISO C89
configure:4081: /opt/android-ndk-r8e/toolchains/arm-linux-androideabi-4.7/prebuilt/darwin-x86_64/bin/arm-linux-androideabi-gcc --sysroot=/opt/android-ndk-r8e/platforms/android-9/arch-arm/  -c -mfloat-abi=softfp -mfpu=neon -marm -march=armv7-a -mtune=cortex-a8 -mthumb -D__thumb__  -I/Users/fschuetz/Dropbox/devel/android/FFmpeg-Android/jni/ffmpeg-build/armeabi-v7a/include/freetype2 -mfloat-abi=softfp -mfpu=neon -marm -march=armv7-a -mtune=cortex-a8 -mthumb -D__thumb__  -I/Users/fschuetz/Dropbox/devel/android/FFmpeg-Android/jni/ffmpeg-build/armeabi-v7a/include/freetype2 conftest.c >&5
configure:4081: $? = 0
configure:4094: result: none needed
configure:4119: checking whether /opt/android-ndk-r8e/toolchains/arm-linux-androideabi-4.7/prebuilt/darwin-x86_64/bin/arm-linux-androideabi-gcc --sysroot=/opt/android-ndk-r8e/platforms/android-9/arch-arm/ understands -c and -o together
configure:4141: /opt/android-ndk-r8e/toolchains/arm-linux-androideabi-4.7/prebuilt/darwin-x86_64/bin/arm-linux-androideabi-gcc --sysroot=/opt/android-ndk-r8e/platforms/android-9/arch-arm/ -c conftest.c -o conftest2.o
configure:4144: $? = 0
configure:4141: /opt/android-ndk-r8e/toolchains/arm-linux-androideabi-4.7/prebuilt/darwin-x86_64/bin/arm-linux-androideabi-gcc --sysroot=/opt/android-ndk-r8e/platforms/android-9/arch-arm/ -c conftest.c -o conftest2.o
configure:4144: $? = 0
configure:4156: result: yes
configure:4175: checking dependency style of /opt/android-ndk-r8e/toolchains/arm-linux-androideabi-4.7/prebuilt/darwin-x86_64/bin/arm-linux-androideabi-gcc --sysroot=/opt/android-ndk-r8e/platforms/android-9/arch-arm/
configure:4286: result: none
configure:4301: checking for a sed that does not truncate output
configure:4365: result: /usr/local/bin/sed
configure:4383: checking for grep that handles long lines and -e
configure:4441: result: /usr/bin/grep
configure:4446: checking for egrep
configure:4508: result: /usr/bin/grep -E
configure:4513: checking for fgrep
configure:4575: result: /usr/bin/grep -F
configure:4610: checking for ld used by /opt/android-ndk-r8e/toolchains/arm-linux-androideabi-4.7/prebuilt/darwin-x86_64/bin/arm-linux-androideabi-gcc --sysroot=/opt/android-ndk-r8e/platforms/android-9/arch-arm/
configure:4677: result: /opt/android-ndk-r8e/toolchains/arm-linux-androideabi-4.7/prebuilt/darwin-x86_64/arm-linux-androideabi/bin/ld
configure:4684: checking if the linker (/opt/android-ndk-r8e/toolchains/arm-linux-androideabi-4.7/prebuilt/darwin-x86_64/arm-linux-androideabi/bin/ld) is GNU ld
configure:4699: result: yes
configure:4711: checking for BSD- or MS-compatible name lister (nm)
configure:4760: result: /opt/android-ndk-r8e/toolchains/arm-linux-androideabi-4.7/prebuilt/darwin-x86_64/bin/arm-linux-androideabi-nm
configure:4890: checking the name lister (/opt/android-ndk-r8e/toolchains/arm-linux-androideabi-4.7/prebuilt/darwin-x86_64/bin/arm-linux-androideabi-nm) interface
configure:4897: /opt/android-ndk-r8e/toolchains/arm-linux-androideabi-4.7/prebuilt/darwin-x86_64/bin/arm-linux-androideabi-gcc --sysroot=/opt/android-ndk-r8e/platforms/android-9/arch-arm/ -c -mfloat-abi=softfp -mfpu=neon -marm -march=armv7-a -mtune=cortex-a8 -mthumb -D__thumb__  -I/Users/fschuetz/Dropbox/devel/android/FFmpeg-Android/jni/ffmpeg-build/armeabi-v7a/include/freetype2 -mfloat-abi=softfp -mfpu=neon -marm -march=armv7-a -mtune=cortex-a8 -mthumb -D__thumb__  -I/Users/fschuetz/Dropbox/devel/android/FFmpeg-Android/jni/ffmpeg-build/armeabi-v7a/include/freetype2 conftest.c >&5
configure:4900: /opt/android-ndk-r8e/toolchains/arm-linux-androideabi-4.7/prebuilt/darwin-x86_64/bin/arm-linux-androideabi-nm "conftest.o"
configure:4903: output
00000000 B some_variable
configure:4910: result: BSD nm
configure:4913: checking whether ln -s works
configure:4917: result: yes
configure:4925: checking the maximum length of command line arguments
configure:5055: result: 196608
configure:5072: checking whether the shell understands some XSI constructs
configure:5082: result: yes
configure:5086: checking whether the shell understands "+="
configure:5092: result: yes
configure:5127: checking how to convert i386-apple-darwin12.5.0 file names to arm-unknown-linux-gnu format
configure:5167: result: func_convert_file_noop
configure:5174: checking how to convert i386-apple-darwin12.5.0 file names to toolchain format
configure:5194: result: func_convert_file_noop
configure:5201: checking for /opt/android-ndk-r8e/toolchains/arm-linux-androideabi-4.7/prebuilt/darwin-x86_64/arm-linux-androideabi/bin/ld option to reload object files
configure:5208: result: -r
configure:5242: checking for arm-linux-objdump
configure:5272: result: no
configure:5282: checking for objdump
configure:5312: result: no
configure:5341: checking how to recognize dependent libraries
configure:5543: result: pass_all
configure:5588: checking for arm-linux-dlltool
configure:5618: result: no
configure:5628: checking for dlltool
configure:5658: result: no
configure:5688: checking how to associate runtime and link libraries
configure:5715: result: printf %s\n
configure:5732: checking for arm-linux-ar
configure:5759: result: /opt/android-ndk-r8e/toolchains/arm-linux-androideabi-4.7/prebuilt/darwin-x86_64/bin/arm-linux-androideabi-ar
configure:5840: checking for archiver @FILE support
configure:5857: /opt/android-ndk-r8e/toolchains/arm-linux-androideabi-4.7/prebuilt/darwin-x86_64/bin/arm-linux-androideabi-gcc --sysroot=/opt/android-ndk-r8e/platforms/android-9/arch-arm/ -c -mfloat-abi=softfp -mfpu=neon -marm -march=armv7-a -mtune=cortex-a8 -mthumb -D__thumb__  -I/Users/fschuetz/Dropbox/devel/android/FFmpeg-Android/jni/ffmpeg-build/armeabi-v7a/include/freetype2 -mfloat-abi=softfp -mfpu=neon -marm -march=armv7-a -mtune=cortex-a8 -mthumb -D__thumb__  -I/Users/fschuetz/Dropbox/devel/android/FFmpeg-Android/jni/ffmpeg-build/armeabi-v7a/include/freetype2 conftest.c >&5
configure:5857: $? = 0
configure:5860: /opt/android-ndk-r8e/toolchains/arm-linux-androideabi-4.7/prebuilt/darwin-x86_64/bin/arm-linux-androideabi-ar cru libconftest.a @conftest.lst >&5
configure:5863: $? = 0
configure:5868: /opt/android-ndk-r8e/toolchains/arm-linux-androideabi-4.7/prebuilt/darwin-x86_64/bin/arm-linux-androideabi-ar cru libconftest.a @conftest.lst >&5
/opt/android-ndk-r8e/toolchains/arm-linux-androideabi-4.7/prebuilt/darwin-x86_64/bin/arm-linux-androideabi-ar: conftest.o: No such file or directory
configure:5871: $? = 1
configure:5883: result: @
configure:5901: checking for arm-linux-strip
configure:5928: result: /opt/android-ndk-r8e/toolchains/arm-linux-androideabi-4.7/prebuilt/darwin-x86_64/bin/arm-linux-androideabi-strip
configure:6000: checking for arm-linux-ranlib
configure:6027: result: /opt/android-ndk-r8e/toolchains/arm-linux-androideabi-4.7/prebuilt/darwin-x86_64/bin/arm-linux-androideabi-ranlib
configure:6169: checking command to parse /opt/android-ndk-r8e/toolchains/arm-linux-androideabi-4.7/prebuilt/darwin-x86_64/bin/arm-linux-androideabi-nm output from /opt/android-ndk-r8e/toolchains/arm-linux-androideabi-4.7/prebuilt/darwin-x86_64/bin/arm-linux-androideabi-gcc --sysroot=/opt/android-ndk-r8e/platforms/android-9/arch-arm/ object
configure:6289: /opt/android-ndk-r8e/toolchains/arm-linux-androideabi-4.7/prebuilt/darwin-x86_64/bin/arm-linux-androideabi-gcc --sysroot=/opt/android-ndk-r8e/platforms/android-9/arch-arm/ -c -mfloat-abi=softfp -mfpu=neon -marm -march=armv7-a -mtune=cortex-a8 -mthumb -D__thumb__  -I/Users/fschuetz/Dropbox/devel/android/FFmpeg-Android/jni/ffmpeg-build/armeabi-v7a/include/freetype2 -mfloat-abi=softfp -mfpu=neon -marm -march=armv7-a -mtune=cortex-a8 -mthumb -D__thumb__  -I/Users/fschuetz/Dropbox/devel/android/FFmpeg-Android/jni/ffmpeg-build/armeabi-v7a/include/freetype2 conftest.c >&5
configure:6292: $? = 0
configure:6296: /opt/android-ndk-r8e/toolchains/arm-linux-androideabi-4.7/prebuilt/darwin-x86_64/bin/arm-linux-androideabi-nm conftest.o \| sed -n -e 's/^.*[ ]\([ABCDGIRSTW][ABCDGIRSTW]*\)[ ][ ]*\([_A-Za-z][_A-Za-z0-9]*\)$/\1 \2 \2/p' | sed '/ __gnu_lto/d' \> conftest.nm
configure:6299: $? = 0
configure:6365: /opt/android-ndk-r8e/toolchains/arm-linux-androideabi-4.7/prebuilt/darwin-x86_64/bin/arm-linux-androideabi-gcc --sysroot=/opt/android-ndk-r8e/platforms/android-9/arch-arm/ -o conftest -mfloat-abi=softfp -mfpu=neon -marm -march=armv7-a -mtune=cortex-a8 -mthumb -D__thumb__  -I/Users/fschuetz/Dropbox/devel/android/FFmpeg-Android/jni/ffmpeg-build/armeabi-v7a/include/freetype2 -mfloat-abi=softfp -mfpu=neon -marm -march=armv7-a -mtune=cortex-a8 -mthumb -D__thumb__  -I/Users/fschuetz/Dropbox/devel/android/FFmpeg-Android/jni/ffmpeg-build/armeabi-v7a/include/freetype2  -Wl,-rpath-link=/opt/android-ndk-r8e/platforms/android-9/arch-arm//usr/lib -L/opt/android-ndk-r8e/platforms/android-9/arch-arm//usr/lib -lc -lm -ldl -llog conftest.c conftstm.o >&5
configure:6368: $? = 0
configure:6406: result: ok
configure:6443: checking for sysroot
configure:6473: result: no
configure:6689: checking for arm-linux-mt
configure:6719: result: no
configure:6729: checking for mt
configure:6759: result: no
configure:6779: checking if : is a manifest tool
configure:6785: : '-?'
configure:6793: result: no
configure:7435: checking how to run the C preprocessor
configure:7466: /opt/android-ndk-r8e/toolchains/arm-linux-androideabi-4.7/prebuilt/darwin-x86_64/bin/arm-linux-androideabi-gcc --sysroot=/opt/android-ndk-r8e/platforms/android-9/arch-arm/ -E -mfloat-abi=softfp -mfpu=neon -marm -march=armv7-a -mtune=cortex-a8 -mthumb -D__thumb__  -I/Users/fschuetz/Dropbox/devel/android/FFmpeg-Android/jni/ffmpeg-build/armeabi-v7a/include/freetype2 conftest.c
configure:7466: $? = 0
configure:7480: /opt/android-ndk-r8e/toolchains/arm-linux-androideabi-4.7/prebuilt/darwin-x86_64/bin/arm-linux-androideabi-gcc --sysroot=/opt/android-ndk-r8e/platforms/android-9/arch-arm/ -E -mfloat-abi=softfp -mfpu=neon -marm -march=armv7-a -mtune=cortex-a8 -mthumb -D__thumb__  -I/Users/fschuetz/Dropbox/devel/android/FFmpeg-Android/jni/ffmpeg-build/armeabi-v7a/include/freetype2 conftest.c
conftest.c:11:28: fatal error: ac_nonexistent.h: No such file or directory
compilation terminated.
configure:7480: $? = 1
configure: failed program was:
| /* confdefs.h */
| #define PACKAGE_NAME "libass"
| #define PACKAGE_TARNAME "libass"
| #define PACKAGE_VERSION "0.10.2"
| #define PACKAGE_STRING "libass 0.10.2"
| #define PACKAGE_BUGREPORT ""
| #define PACKAGE_URL ""
| #define PACKAGE "libass"
| #define VERSION "0.10.2"
| /* end confdefs.h.  */
| #include <ac_nonexistent.h>
configure:7505: result: /opt/android-ndk-r8e/toolchains/arm-linux-androideabi-4.7/prebuilt/darwin-x86_64/bin/arm-linux-androideabi-gcc --sysroot=/opt/android-ndk-r8e/platforms/android-9/arch-arm/ -E
configure:7525: /opt/android-ndk-r8e/toolchains/arm-linux-androideabi-4.7/prebuilt/darwin-x86_64/bin/arm-linux-androideabi-gcc --sysroot=/opt/android-ndk-r8e/platforms/android-9/arch-arm/ -E -mfloat-abi=softfp -mfpu=neon -marm -march=armv7-a -mtune=cortex-a8 -mthumb -D__thumb__  -I/Users/fschuetz/Dropbox/devel/android/FFmpeg-Android/jni/ffmpeg-build/armeabi-v7a/include/freetype2 conftest.c
configure:7525: $? = 0
configure:7539: /opt/android-ndk-r8e/toolchains/arm-linux-androideabi-4.7/prebuilt/darwin-x86_64/bin/arm-linux-androideabi-gcc --sysroot=/opt/android-ndk-r8e/platforms/android-9/arch-arm/ -E -mfloat-abi=softfp -mfpu=neon -marm -march=armv7-a -mtune=cortex-a8 -mthumb -D__thumb__  -I/Users/fschuetz/Dropbox/devel/android/FFmpeg-Android/jni/ffmpeg-build/armeabi-v7a/include/freetype2 conftest.c
conftest.c:11:28: fatal error: ac_nonexistent.h: No such file or directory
compilation terminated.
configure:7539: $? = 1
configure: failed program was:
| /* confdefs.h */
| #define PACKAGE_NAME "libass"
| #define PACKAGE_TARNAME "libass"
| #define PACKAGE_VERSION "0.10.2"
| #define PACKAGE_STRING "libass 0.10.2"
| #define PACKAGE_BUGREPORT ""
| #define PACKAGE_URL ""
| #define PACKAGE "libass"
| #define VERSION "0.10.2"
| /* end confdefs.h.  */
| #include <ac_nonexistent.h>
configure:7568: checking for ANSI C header files
configure:7588: /opt/android-ndk-r8e/toolchains/arm-linux-androideabi-4.7/prebuilt/darwin-x86_64/bin/arm-linux-androideabi-gcc --sysroot=/opt/android-ndk-r8e/platforms/android-9/arch-arm/ -c -mfloat-abi=softfp -mfpu=neon -marm -march=armv7-a -mtune=cortex-a8 -mthumb -D__thumb__  -I/Users/fschuetz/Dropbox/devel/android/FFmpeg-Android/jni/ffmpeg-build/armeabi-v7a/include/freetype2 -mfloat-abi=softfp -mfpu=neon -marm -march=armv7-a -mtune=cortex-a8 -mthumb -D__thumb__  -I/Users/fschuetz/Dropbox/devel/android/FFmpeg-Android/jni/ffmpeg-build/armeabi-v7a/include/freetype2 conftest.c >&5
configure:7588: $? = 0
configure:7672: result: yes
configure:7685: checking for sys/types.h
configure:7685: /opt/android-ndk-r8e/toolchains/arm-linux-androideabi-4.7/prebuilt/darwin-x86_64/bin/arm-linux-androideabi-gcc --sysroot=/opt/android-ndk-r8e/platforms/android-9/arch-arm/ -c -mfloat-abi=softfp -mfpu=neon -marm -march=armv7-a -mtune=cortex-a8 -mthumb -D__thumb__  -I/Users/fschuetz/Dropbox/devel/android/FFmpeg-Android/jni/ffmpeg-build/armeabi-v7a/include/freetype2 -mfloat-abi=softfp -mfpu=neon -marm -march=armv7-a -mtune=cortex-a8 -mthumb -D__thumb__  -I/Users/fschuetz/Dropbox/devel/android/FFmpeg-Android/jni/ffmpeg-build/armeabi-v7a/include/freetype2 conftest.c >&5
configure:7685: $? = 0
configure:7685: result: yes
configure:7685: checking for sys/stat.h
configure:7685: /opt/android-ndk-r8e/toolchains/arm-linux-androideabi-4.7/prebuilt/darwin-x86_64/bin/arm-linux-androideabi-gcc --sysroot=/opt/android-ndk-r8e/platforms/android-9/arch-arm/ -c -mfloat-abi=softfp -mfpu=neon -marm -march=armv7-a -mtune=cortex-a8 -mthumb -D__thumb__  -I/Users/fschuetz/Dropbox/devel/android/FFmpeg-Android/jni/ffmpeg-build/armeabi-v7a/include/freetype2 -mfloat-abi=softfp -mfpu=neon -marm -march=armv7-a -mtune=cortex-a8 -mthumb -D__thumb__  -I/Users/fschuetz/Dropbox/devel/android/FFmpeg-Android/jni/ffmpeg-build/armeabi-v7a/include/freetype2 conftest.c >&5
configure:7685: $? = 0
configure:7685: result: yes
configure:7685: checking for stdlib.h
configure:7685: /opt/android-ndk-r8e/toolchains/arm-linux-androideabi-4.7/prebuilt/darwin-x86_64/bin/arm-linux-androideabi-gcc --sysroot=/opt/android-ndk-r8e/platforms/android-9/arch-arm/ -c -mfloat-abi=softfp -mfpu=neon -marm -march=armv7-a -mtune=cortex-a8 -mthumb -D__thumb__  -I/Users/fschuetz/Dropbox/devel/android/FFmpeg-Android/jni/ffmpeg-build/armeabi-v7a/include/freetype2 -mfloat-abi=softfp -mfpu=neon -marm -march=armv7-a -mtune=cortex-a8 -mthumb -D__thumb__  -I/Users/fschuetz/Dropbox/devel/android/FFmpeg-Android/jni/ffmpeg-build/armeabi-v7a/include/freetype2 conftest.c >&5
configure:7685: $? = 0
configure:7685: result: yes
configure:7685: checking for string.h
configure:7685: /opt/android-ndk-r8e/toolchains/arm-linux-androideabi-4.7/prebuilt/darwin-x86_64/bin/arm-linux-androideabi-gcc --sysroot=/opt/android-ndk-r8e/platforms/android-9/arch-arm/ -c -mfloat-abi=softfp -mfpu=neon -marm -march=armv7-a -mtune=cortex-a8 -mthumb -D__thumb__  -I/Users/fschuetz/Dropbox/devel/android/FFmpeg-Android/jni/ffmpeg-build/armeabi-v7a/include/freetype2 -mfloat-abi=softfp -mfpu=neon -marm -march=armv7-a -mtune=cortex-a8 -mthumb -D__thumb__  -I/Users/fschuetz/Dropbox/devel/android/FFmpeg-Android/jni/ffmpeg-build/armeabi-v7a/include/freetype2 conftest.c >&5
configure:7685: $? = 0
configure:7685: result: yes
configure:7685: checking for memory.h
configure:7685: /opt/android-ndk-r8e/toolchains/arm-linux-androideabi-4.7/prebuilt/darwin-x86_64/bin/arm-linux-androideabi-gcc --sysroot=/opt/android-ndk-r8e/platforms/android-9/arch-arm/ -c -mfloat-abi=softfp -mfpu=neon -marm -march=armv7-a -mtune=cortex-a8 -mthumb -D__thumb__  -I/Users/fschuetz/Dropbox/devel/android/FFmpeg-Android/jni/ffmpeg-build/armeabi-v7a/include/freetype2 -mfloat-abi=softfp -mfpu=neon -marm -march=armv7-a -mtune=cortex-a8 -mthumb -D__thumb__  -I/Users/fschuetz/Dropbox/devel/android/FFmpeg-Android/jni/ffmpeg-build/armeabi-v7a/include/freetype2 conftest.c >&5
configure:7685: $? = 0
configure:7685: result: yes
configure:7685: checking for strings.h
configure:7685: /opt/android-ndk-r8e/toolchains/arm-linux-androideabi-4.7/prebuilt/darwin-x86_64/bin/arm-linux-androideabi-gcc --sysroot=/opt/android-ndk-r8e/platforms/android-9/arch-arm/ -c -mfloat-abi=softfp -mfpu=neon -marm -march=armv7-a -mtune=cortex-a8 -mthumb -D__thumb__  -I/Users/fschuetz/Dropbox/devel/android/FFmpeg-Android/jni/ffmpeg-build/armeabi-v7a/include/freetype2 -mfloat-abi=softfp -mfpu=neon -marm -march=armv7-a -mtune=cortex-a8 -mthumb -D__thumb__  -I/Users/fschuetz/Dropbox/devel/android/FFmpeg-Android/jni/ffmpeg-build/armeabi-v7a/include/freetype2 conftest.c >&5
configure:7685: $? = 0
configure:7685: result: yes
configure:7685: checking for inttypes.h
configure:7685: /opt/android-ndk-r8e/toolchains/arm-linux-androideabi-4.7/prebuilt/darwin-x86_64/bin/arm-linux-androideabi-gcc --sysroot=/opt/android-ndk-r8e/platforms/android-9/arch-arm/ -c -mfloat-abi=softfp -mfpu=neon -marm -march=armv7-a -mtune=cortex-a8 -mthumb -D__thumb__  -I/Users/fschuetz/Dropbox/devel/android/FFmpeg-Android/jni/ffmpeg-build/armeabi-v7a/include/freetype2 -mfloat-abi=softfp -mfpu=neon -marm -march=armv7-a -mtune=cortex-a8 -mthumb -D__thumb__  -I/Users/fschuetz/Dropbox/devel/android/FFmpeg-Android/jni/ffmpeg-build/armeabi-v7a/include/freetype2 conftest.c >&5
configure:7685: $? = 0
configure:7685: result: yes
configure:7685: checking for stdint.h
configure:7685: /opt/android-ndk-r8e/toolchains/arm-linux-androideabi-4.7/prebuilt/darwin-x86_64/bin/arm-linux-androideabi-gcc --sysroot=/opt/android-ndk-r8e/platforms/android-9/arch-arm/ -c -mfloat-abi=softfp -mfpu=neon -marm -march=armv7-a -mtune=cortex-a8 -mthumb -D__thumb__  -I/Users/fschuetz/Dropbox/devel/android/FFmpeg-Android/jni/ffmpeg-build/armeabi-v7a/include/freetype2 -mfloat-abi=softfp -mfpu=neon -marm -march=armv7-a -mtune=cortex-a8 -mthumb -D__thumb__  -I/Users/fschuetz/Dropbox/devel/android/FFmpeg-Android/jni/ffmpeg-build/armeabi-v7a/include/freetype2 conftest.c >&5
configure:7685: $? = 0
configure:7685: result: yes
configure:7685: checking for unistd.h
configure:7685: /opt/android-ndk-r8e/toolchains/arm-linux-androideabi-4.7/prebuilt/darwin-x86_64/bin/arm-linux-androideabi-gcc --sysroot=/opt/android-ndk-r8e/platforms/android-9/arch-arm/ -c -mfloat-abi=softfp -mfpu=neon -marm -march=armv7-a -mtune=cortex-a8 -mthumb -D__thumb__  -I/Users/fschuetz/Dropbox/devel/android/FFmpeg-Android/jni/ffmpeg-build/armeabi-v7a/include/freetype2 -mfloat-abi=softfp -mfpu=neon -marm -march=armv7-a -mtune=cortex-a8 -mthumb -D__thumb__  -I/Users/fschuetz/Dropbox/devel/android/FFmpeg-Android/jni/ffmpeg-build/armeabi-v7a/include/freetype2 conftest.c >&5
configure:7685: $? = 0
configure:7685: result: yes
configure:7699: checking for dlfcn.h
configure:7699: /opt/android-ndk-r8e/toolchains/arm-linux-androideabi-4.7/prebuilt/darwin-x86_64/bin/arm-linux-androideabi-gcc --sysroot=/opt/android-ndk-r8e/platforms/android-9/arch-arm/ -c -mfloat-abi=softfp -mfpu=neon -marm -march=armv7-a -mtune=cortex-a8 -mthumb -D__thumb__  -I/Users/fschuetz/Dropbox/devel/android/FFmpeg-Android/jni/ffmpeg-build/armeabi-v7a/include/freetype2 -mfloat-abi=softfp -mfpu=neon -marm -march=armv7-a -mtune=cortex-a8 -mthumb -D__thumb__  -I/Users/fschuetz/Dropbox/devel/android/FFmpeg-Android/jni/ffmpeg-build/armeabi-v7a/include/freetype2 conftest.c >&5
configure:7699: $? = 0
configure:7699: result: yes
configure:7905: checking for objdir
configure:7920: result: .libs
configure:8191: checking if /opt/android-ndk-r8e/toolchains/arm-linux-androideabi-4.7/prebuilt/darwin-x86_64/bin/arm-linux-androideabi-gcc --sysroot=/opt/android-ndk-r8e/platforms/android-9/arch-arm/ supports -fno-rtti -fno-exceptions
configure:8209: /opt/android-ndk-r8e/toolchains/arm-linux-androideabi-4.7/prebuilt/darwin-x86_64/bin/arm-linux-androideabi-gcc --sysroot=/opt/android-ndk-r8e/platforms/android-9/arch-arm/ -c -mfloat-abi=softfp -mfpu=neon -marm -march=armv7-a -mtune=cortex-a8 -mthumb -D__thumb__  -I/Users/fschuetz/Dropbox/devel/android/FFmpeg-Android/jni/ffmpeg-build/armeabi-v7a/include/freetype2 -mfloat-abi=softfp -mfpu=neon -marm -march=armv7-a -mtune=cortex-a8 -mthumb -D__thumb__  -I/Users/fschuetz/Dropbox/devel/android/FFmpeg-Android/jni/ffmpeg-build/armeabi-v7a/include/freetype2 -fno-rtti -fno-exceptions conftest.c >&5
cc1: warning: command line option '-fno-rtti' is valid for C++/ObjC++ but not for C [enabled by default]
configure:8213: $? = 0
configure:8226: result: no
configure:8553: checking for /opt/android-ndk-r8e/toolchains/arm-linux-androideabi-4.7/prebuilt/darwin-x86_64/bin/arm-linux-androideabi-gcc --sysroot=/opt/android-ndk-r8e/platforms/android-9/arch-arm/ option to produce PIC
configure:8560: result: -fPIC -DPIC
configure:8568: checking if /opt/android-ndk-r8e/toolchains/arm-linux-androideabi-4.7/prebuilt/darwin-x86_64/bin/arm-linux-androideabi-gcc --sysroot=/opt/android-ndk-r8e/platforms/android-9/arch-arm/ PIC flag -fPIC -DPIC works
configure:8586: /opt/android-ndk-r8e/toolchains/arm-linux-androideabi-4.7/prebuilt/darwin-x86_64/bin/arm-linux-androideabi-gcc --sysroot=/opt/android-ndk-r8e/platforms/android-9/arch-arm/ -c -mfloat-abi=softfp -mfpu=neon -marm -march=armv7-a -mtune=cortex-a8 -mthumb -D__thumb__  -I/Users/fschuetz/Dropbox/devel/android/FFmpeg-Android/jni/ffmpeg-build/armeabi-v7a/include/freetype2 -mfloat-abi=softfp -mfpu=neon -marm -march=armv7-a -mtune=cortex-a8 -mthumb -D__thumb__  -I/Users/fschuetz/Dropbox/devel/android/FFmpeg-Android/jni/ffmpeg-build/armeabi-v7a/include/freetype2 -fPIC -DPIC -DPIC conftest.c >&5
configure:8590: $? = 0
configure:8603: result: yes
configure:8632: checking if /opt/android-ndk-r8e/toolchains/arm-linux-androideabi-4.7/prebuilt/darwin-x86_64/bin/arm-linux-androideabi-gcc --sysroot=/opt/android-ndk-r8e/platforms/android-9/arch-arm/ static flag -static works
configure:8660: result: no
configure:8675: checking if /opt/android-ndk-r8e/toolchains/arm-linux-androideabi-4.7/prebuilt/darwin-x86_64/bin/arm-linux-androideabi-gcc --sysroot=/opt/android-ndk-r8e/platforms/android-9/arch-arm/ supports -c -o file.o
configure:8696: /opt/android-ndk-r8e/toolchains/arm-linux-androideabi-4.7/prebuilt/darwin-x86_64/bin/arm-linux-androideabi-gcc --sysroot=/opt/android-ndk-r8e/platforms/android-9/arch-arm/ -c -mfloat-abi=softfp -mfpu=neon -marm -march=armv7-a -mtune=cortex-a8 -mthumb -D__thumb__  -I/Users/fschuetz/Dropbox/devel/android/FFmpeg-Android/jni/ffmpeg-build/armeabi-v7a/include/freetype2 -mfloat-abi=softfp -mfpu=neon -marm -march=armv7-a -mtune=cortex-a8 -mthumb -D__thumb__  -I/Users/fschuetz/Dropbox/devel/android/FFmpeg-Android/jni/ffmpeg-build/armeabi-v7a/include/freetype2 -o out/conftest2.o conftest.c >&5
configure:8700: $? = 0
configure:8722: result: yes
configure:8730: checking if /opt/android-ndk-r8e/toolchains/arm-linux-androideabi-4.7/prebuilt/darwin-x86_64/bin/arm-linux-androideabi-gcc --sysroot=/opt/android-ndk-r8e/platforms/android-9/arch-arm/ supports -c -o file.o
configure:8777: result: yes
configure:8810: checking whether the /opt/android-ndk-r8e/toolchains/arm-linux-androideabi-4.7/prebuilt/darwin-x86_64/bin/arm-linux-androideabi-gcc --sysroot=/opt/android-ndk-r8e/platforms/android-9/arch-arm/ linker (/opt/android-ndk-r8e/toolchains/arm-linux-androideabi-4.7/prebuilt/darwin-x86_64/arm-linux-androideabi/bin/ld) supports shared libraries
configure:9963: result: yes
configure:10203: checking dynamic linker characteristics
configure:10714: /opt/android-ndk-r8e/toolchains/arm-linux-androideabi-4.7/prebuilt/darwin-x86_64/bin/arm-linux-androideabi-gcc --sysroot=/opt/android-ndk-r8e/platforms/android-9/arch-arm/ -o conftest -mfloat-abi=softfp -mfpu=neon -marm -march=armv7-a -mtune=cortex-a8 -mthumb -D__thumb__  -I/Users/fschuetz/Dropbox/devel/android/FFmpeg-Android/jni/ffmpeg-build/armeabi-v7a/include/freetype2 -mfloat-abi=softfp -mfpu=neon -marm -march=armv7-a -mtune=cortex-a8 -mthumb -D__thumb__  -I/Users/fschuetz/Dropbox/devel/android/FFmpeg-Android/jni/ffmpeg-build/armeabi-v7a/include/freetype2  -Wl,-rpath-link=/opt/android-ndk-r8e/platforms/android-9/arch-arm//usr/lib -L/opt/android-ndk-r8e/platforms/android-9/arch-arm//usr/lib -lc -lm -ldl -llog -Wl,-rpath -Wl,/foo conftest.c  >&5
configure:10714: $? = 0
configure:10936: result: GNU/Linux ld.so
configure:11043: checking how to hardcode library paths into programs
configure:11068: result: immediate
configure:11608: checking whether stripping libraries is possible
configure:11613: result: yes
configure:11648: checking if libtool supports shared libraries
configure:11650: result: yes
configure:11653: checking whether to build shared libraries
configure:11674: result: no
configure:11677: checking whether to build static libraries
configure:11681: result: yes
configure:11731: checking for arm-linux-gcc
configure:11758: result: /opt/android-ndk-r8e/toolchains/arm-linux-androideabi-4.7/prebuilt/darwin-x86_64/bin/arm-linux-androideabi-gcc --sysroot=/opt/android-ndk-r8e/platforms/android-9/arch-arm/
configure:12027: checking for C compiler version
configure:12036: /opt/android-ndk-r8e/toolchains/arm-linux-androideabi-4.7/prebuilt/darwin-x86_64/bin/arm-linux-androideabi-gcc --sysroot=/opt/android-ndk-r8e/platforms/android-9/arch-arm/ --version >&5
arm-linux-androideabi-gcc (GCC) 4.7
Copyright (C) 2012 Free Software Foundation, Inc.
This is free software; see the source for copying conditions.  There is NO
warranty; not even for MERCHANTABILITY or FITNESS FOR A PARTICULAR PURPOSE.

configure:12047: $? = 0
configure:12036: /opt/android-ndk-r8e/toolchains/arm-linux-androideabi-4.7/prebuilt/darwin-x86_64/bin/arm-linux-androideabi-gcc --sysroot=/opt/android-ndk-r8e/platforms/android-9/arch-arm/ -v >&5
Using built-in specs.
COLLECT_GCC=/opt/android-ndk-r8e/toolchains/arm-linux-androideabi-4.7/prebuilt/darwin-x86_64/bin/arm-linux-androideabi-gcc
COLLECT_LTO_WRAPPER=/opt/android-ndk-r8e/toolchains/arm-linux-androideabi-4.7/prebuilt/darwin-x86_64/bin/../libexec/gcc/arm-linux-androideabi/4.7/lto-wrapper
Target: arm-linux-androideabi
Configured with: /s/ndk-toolchain/src/build/../gcc/gcc-4.7/configure --prefix=/tmp/ndk-User/build/toolchain/prefix --target=arm-linux-androideabi --host=x86_64-apple-darwin --build=x86_64-apple-darwin --with-gnu-as --with-gnu-ld --enable-languages=c,c++ --with-gmp=/tmp/ndk-User/build/toolchain/temp-install --with-mpfr=/tmp/ndk-User/build/toolchain/temp-install --with-mpc=/tmp/ndk-User/build/toolchain/temp-install --with-cloog=/tmp/ndk-User/build/toolchain/temp-install --with-ppl=/tmp/ndk-User/build/toolchain/temp-install --disable-ppl-version-check --disable-cloog-version-check --enable-cloog-backend=isl --with-host-libstdcxx='-static-libgcc -lstdc++ -lm' --disable-libssp --enable-threads --disable-nls --disable-libmudflap --disable-libgomp --disable-libstdc__-v3 --disable-sjlj-exceptions --disable-shared --disable-tls --disable-libitm --with-float=soft --with-fpu=vfp --with-arch=armv5te --enable-target-optspace --enable-initfini-array --disable-nls --prefix=/tmp/ndk-User/build/toolchain/prefix --with-sysroot=/tmp/ndk-User/build/toolchain/prefix/sysroot --with-binutils-version=2.22 --with-mpfr-version=3.1.1 --with-mpc-version=1.0.1 --with-gmp-version=5.0.5 --with-gcc-version=4.7 --with-gdb-version=7.3.x --with-gxx-include-dir=/tmp/ndk-User/build/toolchain/prefix/include/c++/4.7 --with-bugurl=http://source.android.com/source/report-bugs.html --disable-bootstrap --disable-libquadmath --enable-plugins --enable-libgomp --enable-gold --enable-graphite=yes --with-cloog-version=0.17.0 --with-ppl-version=1.0 --with-arch=armv5te --program-transform-name='s&^&arm-linux-androideabi-&' --enable-gold=default
Thread model: posix
gcc version 4.7 (GCC) 
configure:12047: $? = 0
configure:12036: /opt/android-ndk-r8e/toolchains/arm-linux-androideabi-4.7/prebuilt/darwin-x86_64/bin/arm-linux-androideabi-gcc --sysroot=/opt/android-ndk-r8e/platforms/android-9/arch-arm/ -V >&5
arm-linux-androideabi-gcc: error: unrecognized command line option '-V'
arm-linux-androideabi-gcc: fatal error: no input files
compilation terminated.
configure:12047: $? = 1
configure:12036: /opt/android-ndk-r8e/toolchains/arm-linux-androideabi-4.7/prebuilt/darwin-x86_64/bin/arm-linux-androideabi-gcc --sysroot=/opt/android-ndk-r8e/platforms/android-9/arch-arm/ -qversion >&5
arm-linux-androideabi-gcc: error: unrecognized command line option '-qversion'
arm-linux-androideabi-gcc: fatal error: no input files
compilation terminated.
configure:12047: $? = 1
configure:12051: checking whether we are using the GNU C compiler
configure:12079: result: yes
configure:12088: checking whether /opt/android-ndk-r8e/toolchains/arm-linux-androideabi-4.7/prebuilt/darwin-x86_64/bin/arm-linux-androideabi-gcc --sysroot=/opt/android-ndk-r8e/platforms/android-9/arch-arm/ accepts -g
configure:12149: result: yes
configure:12166: checking for /opt/android-ndk-r8e/toolchains/arm-linux-androideabi-4.7/prebuilt/darwin-x86_64/bin/arm-linux-androideabi-gcc --sysroot=/opt/android-ndk-r8e/platforms/android-9/arch-arm/ option to accept ISO C89
configure:12242: result: none needed
configure:12267: checking whether /opt/android-ndk-r8e/toolchains/arm-linux-androideabi-4.7/prebuilt/darwin-x86_64/bin/arm-linux-androideabi-gcc --sysroot=/opt/android-ndk-r8e/platforms/android-9/arch-arm/ understands -c and -o together
configure:12304: result: yes
configure:12323: checking dependency style of /opt/android-ndk-r8e/toolchains/arm-linux-androideabi-4.7/prebuilt/darwin-x86_64/bin/arm-linux-androideabi-gcc --sysroot=/opt/android-ndk-r8e/platforms/android-9/arch-arm/
configure:12434: result: none
configure:12454: checking how to run the C preprocessor
configure:12524: result: /opt/android-ndk-r8e/toolchains/arm-linux-androideabi-4.7/prebuilt/darwin-x86_64/bin/arm-linux-androideabi-gcc --sysroot=/opt/android-ndk-r8e/platforms/android-9/arch-arm/ -E
configure:12544: /opt/android-ndk-r8e/toolchains/arm-linux-androideabi-4.7/prebuilt/darwin-x86_64/bin/arm-linux-androideabi-gcc --sysroot=/opt/android-ndk-r8e/platforms/android-9/arch-arm/ -E -mfloat-abi=softfp -mfpu=neon -marm -march=armv7-a -mtune=cortex-a8 -mthumb -D__thumb__  -I/Users/fschuetz/Dropbox/devel/android/FFmpeg-Android/jni/ffmpeg-build/armeabi-v7a/include/freetype2 conftest.c
configure:12544: $? = 0
configure:12558: /opt/android-ndk-r8e/toolchains/arm-linux-androideabi-4.7/prebuilt/darwin-x86_64/bin/arm-linux-androideabi-gcc --sysroot=/opt/android-ndk-r8e/platforms/android-9/arch-arm/ -E -mfloat-abi=softfp -mfpu=neon -marm -march=armv7-a -mtune=cortex-a8 -mthumb -D__thumb__  -I/Users/fschuetz/Dropbox/devel/android/FFmpeg-Android/jni/ffmpeg-build/armeabi-v7a/include/freetype2 conftest.c
conftest.c:23:28: fatal error: ac_nonexistent.h: No such file or directory
compilation terminated.
configure:12558: $? = 1
configure: failed program was:
| /* confdefs.h */
| #define PACKAGE_NAME "libass"
| #define PACKAGE_TARNAME "libass"
| #define PACKAGE_VERSION "0.10.2"
| #define PACKAGE_STRING "libass 0.10.2"
| #define PACKAGE_BUGREPORT ""
| #define PACKAGE_URL ""
| #define PACKAGE "libass"
| #define VERSION "0.10.2"
| #define STDC_HEADERS 1
| #define HAVE_SYS_TYPES_H 1
| #define HAVE_SYS_STAT_H 1
| #define HAVE_STDLIB_H 1
| #define HAVE_STRING_H 1
| #define HAVE_MEMORY_H 1
| #define HAVE_STRINGS_H 1
| #define HAVE_INTTYPES_H 1
| #define HAVE_STDINT_H 1
| #define HAVE_UNISTD_H 1
| #define HAVE_DLFCN_H 1
| #define LT_OBJDIR ".libs/"
| /* end confdefs.h.  */
| #include <ac_nonexistent.h>
configure:12596: checking dependency style of /opt/android-ndk-r8e/toolchains/arm-linux-androideabi-4.7/prebuilt/darwin-x86_64/bin/arm-linux-androideabi-gcc --sysroot=/opt/android-ndk-r8e/platforms/android-9/arch-arm/
configure:12705: result: none
configure:12722: checking for ANSI C header files
configure:12826: result: yes
configure:12834: checking for stdbool.h that conforms to C99
configure:12901: /opt/android-ndk-r8e/toolchains/arm-linux-androideabi-4.7/prebuilt/darwin-x86_64/bin/arm-linux-androideabi-gcc --sysroot=/opt/android-ndk-r8e/platforms/android-9/arch-arm/ -c -mfloat-abi=softfp -mfpu=neon -marm -march=armv7-a -mtune=cortex-a8 -mthumb -D__thumb__  -I/Users/fschuetz/Dropbox/devel/android/FFmpeg-Android/jni/ffmpeg-build/armeabi-v7a/include/freetype2 -mfloat-abi=softfp -mfpu=neon -marm -march=armv7-a -mtune=cortex-a8 -mthumb -D__thumb__  -I/Users/fschuetz/Dropbox/devel/android/FFmpeg-Android/jni/ffmpeg-build/armeabi-v7a/include/freetype2 conftest.c >&5
configure:12901: $? = 0
configure:12908: result: yes
configure:12910: checking for _Bool
configure:12910: /opt/android-ndk-r8e/toolchains/arm-linux-androideabi-4.7/prebuilt/darwin-x86_64/bin/arm-linux-androideabi-gcc --sysroot=/opt/android-ndk-r8e/platforms/android-9/arch-arm/ -c -mfloat-abi=softfp -mfpu=neon -marm -march=armv7-a -mtune=cortex-a8 -mthumb -D__thumb__  -I/Users/fschuetz/Dropbox/devel/android/FFmpeg-Android/jni/ffmpeg-build/armeabi-v7a/include/freetype2 -mfloat-abi=softfp -mfpu=neon -marm -march=armv7-a -mtune=cortex-a8 -mthumb -D__thumb__  -I/Users/fschuetz/Dropbox/devel/android/FFmpeg-Android/jni/ffmpeg-build/armeabi-v7a/include/freetype2 conftest.c >&5
configure:12910: $? = 0
configure:12910: /opt/android-ndk-r8e/toolchains/arm-linux-androideabi-4.7/prebuilt/darwin-x86_64/bin/arm-linux-androideabi-gcc --sysroot=/opt/android-ndk-r8e/platforms/android-9/arch-arm/ -c -mfloat-abi=softfp -mfpu=neon -marm -march=armv7-a -mtune=cortex-a8 -mthumb -D__thumb__  -I/Users/fschuetz/Dropbox/devel/android/FFmpeg-Android/jni/ffmpeg-build/armeabi-v7a/include/freetype2 -mfloat-abi=softfp -mfpu=neon -marm -march=armv7-a -mtune=cortex-a8 -mthumb -D__thumb__  -I/Users/fschuetz/Dropbox/devel/android/FFmpeg-Android/jni/ffmpeg-build/armeabi-v7a/include/freetype2 conftest.c >&5
conftest.c: In function 'main':
conftest.c:60:20: error: expected expression before ')' token
configure:12910: $? = 1
configure: failed program was:
| /* confdefs.h */
| #define PACKAGE_NAME "libass"
| #define PACKAGE_TARNAME "libass"
| #define PACKAGE_VERSION "0.10.2"
| #define PACKAGE_STRING "libass 0.10.2"
| #define PACKAGE_BUGREPORT ""
| #define PACKAGE_URL ""
| #define PACKAGE "libass"
| #define VERSION "0.10.2"
| #define STDC_HEADERS 1
| #define HAVE_SYS_TYPES_H 1
| #define HAVE_SYS_STAT_H 1
| #define HAVE_STDLIB_H 1
| #define HAVE_STRING_H 1
| #define HAVE_MEMORY_H 1
| #define HAVE_STRINGS_H 1
| #define HAVE_INTTYPES_H 1
| #define HAVE_STDINT_H 1
| #define HAVE_UNISTD_H 1
| #define HAVE_DLFCN_H 1
| #define LT_OBJDIR ".libs/"
| #define STDC_HEADERS 1
| /* end confdefs.h.  */
| #include <stdio.h>
| #ifdef HAVE_SYS_TYPES_H
| # include <sys/types.h>
| #endif
| #ifdef HAVE_SYS_STAT_H
| # include <sys/stat.h>
| #endif
| #ifdef STDC_HEADERS
| # include <stdlib.h>
| # include <stddef.h>
| #else
| # ifdef HAVE_STDLIB_H
| #  include <stdlib.h>
| # endif
| #endif
| #ifdef HAVE_STRING_H
| # if !defined STDC_HEADERS && defined HAVE_MEMORY_H
| #  include <memory.h>
| # endif
| # include <string.h>
| #endif
| #ifdef HAVE_STRINGS_H
| # include <strings.h>
| #endif
| #ifdef HAVE_INTTYPES_H
| # include <inttypes.h>
| #endif
| #ifdef HAVE_STDINT_H
| # include <stdint.h>
| #endif
| #ifdef HAVE_UNISTD_H
| # include <unistd.h>
| #endif
| int
| main ()
| {
| if (sizeof ((_Bool)))
| 	    return 0;
|   ;
|   return 0;
| }
configure:12910: result: yes
configure:12930: checking for inttypes.h
configure:12930: result: yes
configure:12930: checking for stdint.h
configure:12930: result: yes
configure:12930: checking for stdlib.h
configure:12930: result: yes
configure:12930: checking for string.h
configure:12930: result: yes
configure:12930: checking sys/time.h usability
configure:12930: /opt/android-ndk-r8e/toolchains/arm-linux-androideabi-4.7/prebuilt/darwin-x86_64/bin/arm-linux-androideabi-gcc --sysroot=/opt/android-ndk-r8e/platforms/android-9/arch-arm/ -c -mfloat-abi=softfp -mfpu=neon -marm -march=armv7-a -mtune=cortex-a8 -mthumb -D__thumb__  -I/Users/fschuetz/Dropbox/devel/android/FFmpeg-Android/jni/ffmpeg-build/armeabi-v7a/include/freetype2 -mfloat-abi=softfp -mfpu=neon -marm -march=armv7-a -mtune=cortex-a8 -mthumb -D__thumb__  -I/Users/fschuetz/Dropbox/devel/android/FFmpeg-Android/jni/ffmpeg-build/armeabi-v7a/include/freetype2 conftest.c >&5
configure:12930: $? = 0
configure:12930: result: yes
configure:12930: checking sys/time.h presence
configure:12930: /opt/android-ndk-r8e/toolchains/arm-linux-androideabi-4.7/prebuilt/darwin-x86_64/bin/arm-linux-androideabi-gcc --sysroot=/opt/android-ndk-r8e/platforms/android-9/arch-arm/ -E -mfloat-abi=softfp -mfpu=neon -marm -march=armv7-a -mtune=cortex-a8 -mthumb -D__thumb__  -I/Users/fschuetz/Dropbox/devel/android/FFmpeg-Android/jni/ffmpeg-build/armeabi-v7a/include/freetype2 conftest.c
configure:12930: $? = 0
configure:12930: result: yes
configure:12930: checking for sys/time.h
configure:12930: result: yes
configure:12930: checking for unistd.h
configure:12930: result: yes
configure:12930: checking iconv.h usability
configure:12930: /opt/android-ndk-r8e/toolchains/arm-linux-androideabi-4.7/prebuilt/darwin-x86_64/bin/arm-linux-androideabi-gcc --sysroot=/opt/android-ndk-r8e/platforms/android-9/arch-arm/ -c -mfloat-abi=softfp -mfpu=neon -marm -march=armv7-a -mtune=cortex-a8 -mthumb -D__thumb__  -I/Users/fschuetz/Dropbox/devel/android/FFmpeg-Android/jni/ffmpeg-build/armeabi-v7a/include/freetype2 -mfloat-abi=softfp -mfpu=neon -marm -march=armv7-a -mtune=cortex-a8 -mthumb -D__thumb__  -I/Users/fschuetz/Dropbox/devel/android/FFmpeg-Android/jni/ffmpeg-build/armeabi-v7a/include/freetype2 conftest.c >&5
conftest.c:65:19: fatal error: iconv.h: No such file or directory
compilation terminated.
configure:12930: $? = 1
configure: failed program was:
| /* confdefs.h */
| #define PACKAGE_NAME "libass"
| #define PACKAGE_TARNAME "libass"
| #define PACKAGE_VERSION "0.10.2"
| #define PACKAGE_STRING "libass 0.10.2"
| #define PACKAGE_BUGREPORT ""
| #define PACKAGE_URL ""
| #define PACKAGE "libass"
| #define VERSION "0.10.2"
| #define STDC_HEADERS 1
| #define HAVE_SYS_TYPES_H 1
| #define HAVE_SYS_STAT_H 1
| #define HAVE_STDLIB_H 1
| #define HAVE_STRING_H 1
| #define HAVE_MEMORY_H 1
| #define HAVE_STRINGS_H 1
| #define HAVE_INTTYPES_H 1
| #define HAVE_STDINT_H 1
| #define HAVE_UNISTD_H 1
| #define HAVE_DLFCN_H 1
| #define LT_OBJDIR ".libs/"
| #define STDC_HEADERS 1
| #define HAVE__BOOL 1
| #define HAVE_STDBOOL_H 1
| #define HAVE_INTTYPES_H 1
| #define HAVE_STDINT_H 1
| #define HAVE_STDLIB_H 1
| #define HAVE_STRING_H 1
| #define HAVE_SYS_TIME_H 1
| #define HAVE_UNISTD_H 1
| /* end confdefs.h.  */
| #include <stdio.h>
| #ifdef HAVE_SYS_TYPES_H
| # include <sys/types.h>
| #endif
| #ifdef HAVE_SYS_STAT_H
| # include <sys/stat.h>
| #endif
| #ifdef STDC_HEADERS
| # include <stdlib.h>
| # include <stddef.h>
| #else
| # ifdef HAVE_STDLIB_H
| #  include <stdlib.h>
| # endif
| #endif
| #ifdef HAVE_STRING_H
| # if !defined STDC_HEADERS && defined HAVE_MEMORY_H
| #  include <memory.h>
| # endif
| # include <string.h>
| #endif
| #ifdef HAVE_STRINGS_H
| # include <strings.h>
| #endif
| #ifdef HAVE_INTTYPES_H
| # include <inttypes.h>
| #endif
| #ifdef HAVE_STDINT_H
| # include <stdint.h>
| #endif
| #ifdef HAVE_UNISTD_H
| # include <unistd.h>
| #endif
| #include <iconv.h>
configure:12930: result: no
configure:12930: checking iconv.h presence
configure:12930: /opt/android-ndk-r8e/toolchains/arm-linux-androideabi-4.7/prebuilt/darwin-x86_64/bin/arm-linux-androideabi-gcc --sysroot=/opt/android-ndk-r8e/platforms/android-9/arch-arm/ -E -mfloat-abi=softfp -mfpu=neon -marm -march=armv7-a -mtune=cortex-a8 -mthumb -D__thumb__  -I/Users/fschuetz/Dropbox/devel/android/FFmpeg-Android/jni/ffmpeg-build/armeabi-v7a/include/freetype2 conftest.c
conftest.c:32:19: fatal error: iconv.h: No such file or directory
compilation terminated.
configure:12930: $? = 1
configure: failed program was:
| /* confdefs.h */
| #define PACKAGE_NAME "libass"
| #define PACKAGE_TARNAME "libass"
| #define PACKAGE_VERSION "0.10.2"
| #define PACKAGE_STRING "libass 0.10.2"
| #define PACKAGE_BUGREPORT ""
| #define PACKAGE_URL ""
| #define PACKAGE "libass"
| #define VERSION "0.10.2"
| #define STDC_HEADERS 1
| #define HAVE_SYS_TYPES_H 1
| #define HAVE_SYS_STAT_H 1
| #define HAVE_STDLIB_H 1
| #define HAVE_STRING_H 1
| #define HAVE_MEMORY_H 1
| #define HAVE_STRINGS_H 1
| #define HAVE_INTTYPES_H 1
| #define HAVE_STDINT_H 1
| #define HAVE_UNISTD_H 1
| #define HAVE_DLFCN_H 1
| #define LT_OBJDIR ".libs/"
| #define STDC_HEADERS 1
| #define HAVE__BOOL 1
| #define HAVE_STDBOOL_H 1
| #define HAVE_INTTYPES_H 1
| #define HAVE_STDINT_H 1
| #define HAVE_STDLIB_H 1
| #define HAVE_STRING_H 1
| #define HAVE_SYS_TIME_H 1
| #define HAVE_UNISTD_H 1
| /* end confdefs.h.  */
| #include <iconv.h>
configure:12930: result: no
configure:12930: checking for iconv.h
configure:12930: result: no
configure:12942: checking for an ANSI C-conforming const
configure:13008: /opt/android-ndk-r8e/toolchains/arm-linux-androideabi-4.7/prebuilt/darwin-x86_64/bin/arm-linux-androideabi-gcc --sysroot=/opt/android-ndk-r8e/platforms/android-9/arch-arm/ -c -mfloat-abi=softfp -mfpu=neon -marm -march=armv7-a -mtune=cortex-a8 -mthumb -D__thumb__  -I/Users/fschuetz/Dropbox/devel/android/FFmpeg-Android/jni/ffmpeg-build/armeabi-v7a/include/freetype2 -mfloat-abi=softfp -mfpu=neon -marm -march=armv7-a -mtune=cortex-a8 -mthumb -D__thumb__  -I/Users/fschuetz/Dropbox/devel/android/FFmpeg-Android/jni/ffmpeg-build/armeabi-v7a/include/freetype2 conftest.c >&5
configure:13008: $? = 0
configure:13015: result: yes
configure:13023: checking for inline
configure:13039: /opt/android-ndk-r8e/toolchains/arm-linux-androideabi-4.7/prebuilt/darwin-x86_64/bin/arm-linux-androideabi-gcc --sysroot=/opt/android-ndk-r8e/platforms/android-9/arch-arm/ -c -mfloat-abi=softfp -mfpu=neon -marm -march=armv7-a -mtune=cortex-a8 -mthumb -D__thumb__  -I/Users/fschuetz/Dropbox/devel/android/FFmpeg-Android/jni/ffmpeg-build/armeabi-v7a/include/freetype2 -mfloat-abi=softfp -mfpu=neon -marm -march=armv7-a -mtune=cortex-a8 -mthumb -D__thumb__  -I/Users/fschuetz/Dropbox/devel/android/FFmpeg-Android/jni/ffmpeg-build/armeabi-v7a/include/freetype2 conftest.c >&5
configure:13039: $? = 0
configure:13047: result: inline
configure:13065: checking for int64_t
configure:13065: /opt/android-ndk-r8e/toolchains/arm-linux-androideabi-4.7/prebuilt/darwin-x86_64/bin/arm-linux-androideabi-gcc --sysroot=/opt/android-ndk-r8e/platforms/android-9/arch-arm/ -c -mfloat-abi=softfp -mfpu=neon -marm -march=armv7-a -mtune=cortex-a8 -mthumb -D__thumb__  -I/Users/fschuetz/Dropbox/devel/android/FFmpeg-Android/jni/ffmpeg-build/armeabi-v7a/include/freetype2 -mfloat-abi=softfp -mfpu=neon -marm -march=armv7-a -mtune=cortex-a8 -mthumb -D__thumb__  -I/Users/fschuetz/Dropbox/devel/android/FFmpeg-Android/jni/ffmpeg-build/armeabi-v7a/include/freetype2 conftest.c >&5
configure:13065: $? = 0
configure:13065: /opt/android-ndk-r8e/toolchains/arm-linux-androideabi-4.7/prebuilt/darwin-x86_64/bin/arm-linux-androideabi-gcc --sysroot=/opt/android-ndk-r8e/platforms/android-9/arch-arm/ -c -mfloat-abi=softfp -mfpu=neon -marm -march=armv7-a -mtune=cortex-a8 -mthumb -D__thumb__  -I/Users/fschuetz/Dropbox/devel/android/FFmpeg-Android/jni/ffmpeg-build/armeabi-v7a/include/freetype2 -mfloat-abi=softfp -mfpu=neon -marm -march=armv7-a -mtune=cortex-a8 -mthumb -D__thumb__  -I/Users/fschuetz/Dropbox/devel/android/FFmpeg-Android/jni/ffmpeg-build/armeabi-v7a/include/freetype2 conftest.c >&5
conftest.c: In function 'main':
conftest.c:70:53: warning: integer overflow in expression [-Woverflow]
conftest.c:69:12: error: size of array 'test_array' is negative
conftest.c:69:12: error: storage size of 'test_array' isn't constant
configure:13065: $? = 1
configure: failed program was:
| /* confdefs.h */
| #define PACKAGE_NAME "libass"
| #define PACKAGE_TARNAME "libass"
| #define PACKAGE_VERSION "0.10.2"
| #define PACKAGE_STRING "libass 0.10.2"
| #define PACKAGE_BUGREPORT ""
| #define PACKAGE_URL ""
| #define PACKAGE "libass"
| #define VERSION "0.10.2"
| #define STDC_HEADERS 1
| #define HAVE_SYS_TYPES_H 1
| #define HAVE_SYS_STAT_H 1
| #define HAVE_STDLIB_H 1
| #define HAVE_STRING_H 1
| #define HAVE_MEMORY_H 1
| #define HAVE_STRINGS_H 1
| #define HAVE_INTTYPES_H 1
| #define HAVE_STDINT_H 1
| #define HAVE_UNISTD_H 1
| #define HAVE_DLFCN_H 1
| #define LT_OBJDIR ".libs/"
| #define STDC_HEADERS 1
| #define HAVE__BOOL 1
| #define HAVE_STDBOOL_H 1
| #define HAVE_INTTYPES_H 1
| #define HAVE_STDINT_H 1
| #define HAVE_STDLIB_H 1
| #define HAVE_STRING_H 1
| #define HAVE_SYS_TIME_H 1
| #define HAVE_UNISTD_H 1
| /* end confdefs.h.  */
| #include <stdio.h>
| #ifdef HAVE_SYS_TYPES_H
| # include <sys/types.h>
| #endif
| #ifdef HAVE_SYS_STAT_H
| # include <sys/stat.h>
| #endif
| #ifdef STDC_HEADERS
| # include <stdlib.h>
| # include <stddef.h>
| #else
| # ifdef HAVE_STDLIB_H
| #  include <stdlib.h>
| # endif
| #endif
| #ifdef HAVE_STRING_H
| # if !defined STDC_HEADERS && defined HAVE_MEMORY_H
| #  include <memory.h>
| # endif
| # include <string.h>
| #endif
| #ifdef HAVE_STRINGS_H
| # include <strings.h>
| #endif
| #ifdef HAVE_INTTYPES_H
| # include <inttypes.h>
| #endif
| #ifdef HAVE_STDINT_H
| # include <stdint.h>
| #endif
| #ifdef HAVE_UNISTD_H
| # include <unistd.h>
| #endif
| 	        enum { N = 64 / 2 - 1 };
| int
| main ()
| {
| static int test_array [1 - 2 * !((int64_t) (((((int64_t) 1 << N) << N) - 1) * 2 + 1)
| 		 < (int64_t) (((((int64_t) 1 << N) << N) - 1) * 2 + 2))];
| test_array [0] = 0;
| return test_array [0];
| 
|   ;
|   return 0;
| }
configure:13065: result: yes
configure:13076: checking for size_t
configure:13076: /opt/android-ndk-r8e/toolchains/arm-linux-androideabi-4.7/prebuilt/darwin-x86_64/bin/arm-linux-androideabi-gcc --sysroot=/opt/android-ndk-r8e/platforms/android-9/arch-arm/ -c -mfloat-abi=softfp -mfpu=neon -marm -march=armv7-a -mtune=cortex-a8 -mthumb -D__thumb__  -I/Users/fschuetz/Dropbox/devel/android/FFmpeg-Android/jni/ffmpeg-build/armeabi-v7a/include/freetype2 -mfloat-abi=softfp -mfpu=neon -marm -march=armv7-a -mtune=cortex-a8 -mthumb -D__thumb__  -I/Users/fschuetz/Dropbox/devel/android/FFmpeg-Android/jni/ffmpeg-build/armeabi-v7a/include/freetype2 conftest.c >&5
configure:13076: $? = 0
configure:13076: /opt/android-ndk-r8e/toolchains/arm-linux-androideabi-4.7/prebuilt/darwin-x86_64/bin/arm-linux-androideabi-gcc --sysroot=/opt/android-ndk-r8e/platforms/android-9/arch-arm/ -c -mfloat-abi=softfp -mfpu=neon -marm -march=armv7-a -mtune=cortex-a8 -mthumb -D__thumb__  -I/Users/fschuetz/Dropbox/devel/android/FFmpeg-Android/jni/ffmpeg-build/armeabi-v7a/include/freetype2 -mfloat-abi=softfp -mfpu=neon -marm -march=armv7-a -mtune=cortex-a8 -mthumb -D__thumb__  -I/Users/fschuetz/Dropbox/devel/android/FFmpeg-Android/jni/ffmpeg-build/armeabi-v7a/include/freetype2 conftest.c >&5
conftest.c: In function 'main':
conftest.c:68:21: error: expected expression before ')' token
configure:13076: $? = 1
configure: failed program was:
| /* confdefs.h */
| #define PACKAGE_NAME "libass"
| #define PACKAGE_TARNAME "libass"
| #define PACKAGE_VERSION "0.10.2"
| #define PACKAGE_STRING "libass 0.10.2"
| #define PACKAGE_BUGREPORT ""
| #define PACKAGE_URL ""
| #define PACKAGE "libass"
| #define VERSION "0.10.2"
| #define STDC_HEADERS 1
| #define HAVE_SYS_TYPES_H 1
| #define HAVE_SYS_STAT_H 1
| #define HAVE_STDLIB_H 1
| #define HAVE_STRING_H 1
| #define HAVE_MEMORY_H 1
| #define HAVE_STRINGS_H 1
| #define HAVE_INTTYPES_H 1
| #define HAVE_STDINT_H 1
| #define HAVE_UNISTD_H 1
| #define HAVE_DLFCN_H 1
| #define LT_OBJDIR ".libs/"
| #define STDC_HEADERS 1
| #define HAVE__BOOL 1
| #define HAVE_STDBOOL_H 1
| #define HAVE_INTTYPES_H 1
| #define HAVE_STDINT_H 1
| #define HAVE_STDLIB_H 1
| #define HAVE_STRING_H 1
| #define HAVE_SYS_TIME_H 1
| #define HAVE_UNISTD_H 1
| /* end confdefs.h.  */
| #include <stdio.h>
| #ifdef HAVE_SYS_TYPES_H
| # include <sys/types.h>
| #endif
| #ifdef HAVE_SYS_STAT_H
| # include <sys/stat.h>
| #endif
| #ifdef STDC_HEADERS
| # include <stdlib.h>
| # include <stddef.h>
| #else
| # ifdef HAVE_STDLIB_H
| #  include <stdlib.h>
| # endif
| #endif
| #ifdef HAVE_STRING_H
| # if !defined STDC_HEADERS && defined HAVE_MEMORY_H
| #  include <memory.h>
| # endif
| # include <string.h>
| #endif
| #ifdef HAVE_STRINGS_H
| # include <strings.h>
| #endif
| #ifdef HAVE_INTTYPES_H
| # include <inttypes.h>
| #endif
| #ifdef HAVE_STDINT_H
| # include <stdint.h>
| #endif
| #ifdef HAVE_UNISTD_H
| # include <unistd.h>
| #endif
| int
| main ()
| {
| if (sizeof ((size_t)))
| 	    return 0;
|   ;
|   return 0;
| }
configure:13076: result: yes
configure:13087: checking for uint32_t
configure:13087: /opt/android-ndk-r8e/toolchains/arm-linux-androideabi-4.7/prebuilt/darwin-x86_64/bin/arm-linux-androideabi-gcc --sysroot=/opt/android-ndk-r8e/platforms/android-9/arch-arm/ -c -mfloat-abi=softfp -mfpu=neon -marm -march=armv7-a -mtune=cortex-a8 -mthumb -D__thumb__  -I/Users/fschuetz/Dropbox/devel/android/FFmpeg-Android/jni/ffmpeg-build/armeabi-v7a/include/freetype2 -mfloat-abi=softfp -mfpu=neon -marm -march=armv7-a -mtune=cortex-a8 -mthumb -D__thumb__  -I/Users/fschuetz/Dropbox/devel/android/FFmpeg-Android/jni/ffmpeg-build/armeabi-v7a/include/freetype2 conftest.c >&5
configure:13087: $? = 0
configure:13087: result: yes
configure:13101: checking for uint8_t
configure:13101: /opt/android-ndk-r8e/toolchains/arm-linux-androideabi-4.7/prebuilt/darwin-x86_64/bin/arm-linux-androideabi-gcc --sysroot=/opt/android-ndk-r8e/platforms/android-9/arch-arm/ -c -mfloat-abi=softfp -mfpu=neon -marm -march=armv7-a -mtune=cortex-a8 -mthumb -D__thumb__  -I/Users/fschuetz/Dropbox/devel/android/FFmpeg-Android/jni/ffmpeg-build/armeabi-v7a/include/freetype2 -mfloat-abi=softfp -mfpu=neon -marm -march=armv7-a -mtune=cortex-a8 -mthumb -D__thumb__  -I/Users/fschuetz/Dropbox/devel/android/FFmpeg-Android/jni/ffmpeg-build/armeabi-v7a/include/freetype2 conftest.c >&5
configure:13101: $? = 0
configure:13101: result: yes
configure:13120: checking for mkdir
configure:13120: /opt/android-ndk-r8e/toolchains/arm-linux-androideabi-4.7/prebuilt/darwin-x86_64/bin/arm-linux-androideabi-gcc --sysroot=/opt/android-ndk-r8e/platforms/android-9/arch-arm/ -o conftest -mfloat-abi=softfp -mfpu=neon -marm -march=armv7-a -mtune=cortex-a8 -mthumb -D__thumb__  -I/Users/fschuetz/Dropbox/devel/android/FFmpeg-Android/jni/ffmpeg-build/armeabi-v7a/include/freetype2 -mfloat-abi=softfp -mfpu=neon -marm -march=armv7-a -mtune=cortex-a8 -mthumb -D__thumb__  -I/Users/fschuetz/Dropbox/devel/android/FFmpeg-Android/jni/ffmpeg-build/armeabi-v7a/include/freetype2  -Wl,-rpath-link=/opt/android-ndk-r8e/platforms/android-9/arch-arm//usr/lib -L/opt/android-ndk-r8e/platforms/android-9/arch-arm//usr/lib -lc -lm -ldl -llog conftest.c  >&5
configure:13120: $? = 0
configure:13120: result: yes
configure:13120: checking for strcasecmp
configure:13120: /opt/android-ndk-r8e/toolchains/arm-linux-androideabi-4.7/prebuilt/darwin-x86_64/bin/arm-linux-androideabi-gcc --sysroot=/opt/android-ndk-r8e/platforms/android-9/arch-arm/ -o conftest -mfloat-abi=softfp -mfpu=neon -marm -march=armv7-a -mtune=cortex-a8 -mthumb -D__thumb__  -I/Users/fschuetz/Dropbox/devel/android/FFmpeg-Android/jni/ffmpeg-build/armeabi-v7a/include/freetype2 -mfloat-abi=softfp -mfpu=neon -marm -march=armv7-a -mtune=cortex-a8 -mthumb -D__thumb__  -I/Users/fschuetz/Dropbox/devel/android/FFmpeg-Android/jni/ffmpeg-build/armeabi-v7a/include/freetype2  -Wl,-rpath-link=/opt/android-ndk-r8e/platforms/android-9/arch-arm//usr/lib -L/opt/android-ndk-r8e/platforms/android-9/arch-arm//usr/lib -lc -lm -ldl -llog conftest.c  >&5
conftest.c:56:6: warning: conflicting types for built-in function 'strcasecmp' [enabled by default]
configure:13120: $? = 0
configure:13120: result: yes
configure:13120: checking for strdup
configure:13120: /opt/android-ndk-r8e/toolchains/arm-linux-androideabi-4.7/prebuilt/darwin-x86_64/bin/arm-linux-androideabi-gcc --sysroot=/opt/android-ndk-r8e/platforms/android-9/arch-arm/ -o conftest -mfloat-abi=softfp -mfpu=neon -marm -march=armv7-a -mtune=cortex-a8 -mthumb -D__thumb__  -I/Users/fschuetz/Dropbox/devel/android/FFmpeg-Android/jni/ffmpeg-build/armeabi-v7a/include/freetype2 -mfloat-abi=softfp -mfpu=neon -marm -march=armv7-a -mtune=cortex-a8 -mthumb -D__thumb__  -I/Users/fschuetz/Dropbox/devel/android/FFmpeg-Android/jni/ffmpeg-build/armeabi-v7a/include/freetype2  -Wl,-rpath-link=/opt/android-ndk-r8e/platforms/android-9/arch-arm//usr/lib -L/opt/android-ndk-r8e/platforms/android-9/arch-arm//usr/lib -lc -lm -ldl -llog conftest.c  >&5
conftest.c:57:6: warning: conflicting types for built-in function 'strdup' [enabled by default]
configure:13120: $? = 0
configure:13120: result: yes
configure:13120: checking for strtol
configure:13120: /opt/android-ndk-r8e/toolchains/arm-linux-androideabi-4.7/prebuilt/darwin-x86_64/bin/arm-linux-androideabi-gcc --sysroot=/opt/android-ndk-r8e/platforms/android-9/arch-arm/ -o conftest -mfloat-abi=softfp -mfpu=neon -marm -march=armv7-a -mtune=cortex-a8 -mthumb -D__thumb__  -I/Users/fschuetz/Dropbox/devel/android/FFmpeg-Android/jni/ffmpeg-build/armeabi-v7a/include/freetype2 -mfloat-abi=softfp -mfpu=neon -marm -march=armv7-a -mtune=cortex-a8 -mthumb -D__thumb__  -I/Users/fschuetz/Dropbox/devel/android/FFmpeg-Android/jni/ffmpeg-build/armeabi-v7a/include/freetype2  -Wl,-rpath-link=/opt/android-ndk-r8e/platforms/android-9/arch-arm//usr/lib -L/opt/android-ndk-r8e/platforms/android-9/arch-arm//usr/lib -lc -lm -ldl -llog conftest.c  >&5
configure:13120: $? = 0
configure:13120: result: yes
configure:13131: checking for library containing iconv_open
configure:13162: /opt/android-ndk-r8e/toolchains/arm-linux-androideabi-4.7/prebuilt/darwin-x86_64/bin/arm-linux-androideabi-gcc --sysroot=/opt/android-ndk-r8e/platforms/android-9/arch-arm/ -o conftest -mfloat-abi=softfp -mfpu=neon -marm -march=armv7-a -mtune=cortex-a8 -mthumb -D__thumb__  -I/Users/fschuetz/Dropbox/devel/android/FFmpeg-Android/jni/ffmpeg-build/armeabi-v7a/include/freetype2 -mfloat-abi=softfp -mfpu=neon -marm -march=armv7-a -mtune=cortex-a8 -mthumb -D__thumb__  -I/Users/fschuetz/Dropbox/devel/android/FFmpeg-Android/jni/ffmpeg-build/armeabi-v7a/include/freetype2  -Wl,-rpath-link=/opt/android-ndk-r8e/platforms/android-9/arch-arm//usr/lib -L/opt/android-ndk-r8e/platforms/android-9/arch-arm//usr/lib -lc -lm -ldl -llog conftest.c  >&5
/var/folders/sj/mptbdmx97855jqn08z7kb8900000gn/T//ccyA0uNY.o:conftest.c:function main: error: undefined reference to 'iconv_open'
collect2: error: ld returned 1 exit status
configure:13162: $? = 1
configure: failed program was:
| /* confdefs.h */
| #define PACKAGE_NAME "libass"
| #define PACKAGE_TARNAME "libass"
| #define PACKAGE_VERSION "0.10.2"
| #define PACKAGE_STRING "libass 0.10.2"
| #define PACKAGE_BUGREPORT ""
| #define PACKAGE_URL ""
| #define PACKAGE "libass"
| #define VERSION "0.10.2"
| #define STDC_HEADERS 1
| #define HAVE_SYS_TYPES_H 1
| #define HAVE_SYS_STAT_H 1
| #define HAVE_STDLIB_H 1
| #define HAVE_STRING_H 1
| #define HAVE_MEMORY_H 1
| #define HAVE_STRINGS_H 1
| #define HAVE_INTTYPES_H 1
| #define HAVE_STDINT_H 1
| #define HAVE_UNISTD_H 1
| #define HAVE_DLFCN_H 1
| #define LT_OBJDIR ".libs/"
| #define STDC_HEADERS 1
| #define HAVE__BOOL 1
| #define HAVE_STDBOOL_H 1
| #define HAVE_INTTYPES_H 1
| #define HAVE_STDINT_H 1
| #define HAVE_STDLIB_H 1
| #define HAVE_STRING_H 1
| #define HAVE_SYS_TIME_H 1
| #define HAVE_UNISTD_H 1
| #define HAVE_MKDIR 1
| #define HAVE_STRCASECMP 1
| #define HAVE_STRDUP 1
| #define HAVE_STRTOL 1
| /* end confdefs.h.  */
| 
| /* Override any GCC internal prototype to avoid an error.
|    Use char because int might match the return type of a GCC
|    builtin and then its argument prototype would still apply.  */
| #ifdef __cplusplus
| extern "C"
| #endif
| char iconv_open ();
| int
| main ()
| {
| return iconv_open ();
|   ;
|   return 0;
| }
configure:13162: /opt/android-ndk-r8e/toolchains/arm-linux-androideabi-4.7/prebuilt/darwin-x86_64/bin/arm-linux-androideabi-gcc --sysroot=/opt/android-ndk-r8e/platforms/android-9/arch-arm/ -o conftest -mfloat-abi=softfp -mfpu=neon -marm -march=armv7-a -mtune=cortex-a8 -mthumb -D__thumb__  -I/Users/fschuetz/Dropbox/devel/android/FFmpeg-Android/jni/ffmpeg-build/armeabi-v7a/include/freetype2 -mfloat-abi=softfp -mfpu=neon -marm -march=armv7-a -mtune=cortex-a8 -mthumb -D__thumb__  -I/Users/fschuetz/Dropbox/devel/android/FFmpeg-Android/jni/ffmpeg-build/armeabi-v7a/include/freetype2  -Wl,-rpath-link=/opt/android-ndk-r8e/platforms/android-9/arch-arm//usr/lib -L/opt/android-ndk-r8e/platforms/android-9/arch-arm//usr/lib -lc -lm -ldl -llog conftest.c -liconv   >&5
/opt/android-ndk-r8e/toolchains/arm-linux-androideabi-4.7/prebuilt/darwin-x86_64/bin/../lib/gcc/arm-linux-androideabi/4.7/../../../../arm-linux-androideabi/bin/ld: error: cannot find -liconv
/var/folders/sj/mptbdmx97855jqn08z7kb8900000gn/T//ccMerq86.o:conftest.c:function main: error: undefined reference to 'iconv_open'
collect2: error: ld returned 1 exit status
configure:13162: $? = 1
configure: failed program was:
| /* confdefs.h */
| #define PACKAGE_NAME "libass"
| #define PACKAGE_TARNAME "libass"
| #define PACKAGE_VERSION "0.10.2"
| #define PACKAGE_STRING "libass 0.10.2"
| #define PACKAGE_BUGREPORT ""
| #define PACKAGE_URL ""
| #define PACKAGE "libass"
| #define VERSION "0.10.2"
| #define STDC_HEADERS 1
| #define HAVE_SYS_TYPES_H 1
| #define HAVE_SYS_STAT_H 1
| #define HAVE_STDLIB_H 1
| #define HAVE_STRING_H 1
| #define HAVE_MEMORY_H 1
| #define HAVE_STRINGS_H 1
| #define HAVE_INTTYPES_H 1
| #define HAVE_STDINT_H 1
| #define HAVE_UNISTD_H 1
| #define HAVE_DLFCN_H 1
| #define LT_OBJDIR ".libs/"
| #define STDC_HEADERS 1
| #define HAVE__BOOL 1
| #define HAVE_STDBOOL_H 1
| #define HAVE_INTTYPES_H 1
| #define HAVE_STDINT_H 1
| #define HAVE_STDLIB_H 1
| #define HAVE_STRING_H 1
| #define HAVE_SYS_TIME_H 1
| #define HAVE_UNISTD_H 1
| #define HAVE_MKDIR 1
| #define HAVE_STRCASECMP 1
| #define HAVE_STRDUP 1
| #define HAVE_STRTOL 1
| /* end confdefs.h.  */
| 
| /* Override any GCC internal prototype to avoid an error.
|    Use char because int might match the return type of a GCC
|    builtin and then its argument prototype would still apply.  */
| #ifdef __cplusplus
| extern "C"
| #endif
| char iconv_open ();
| int
| main ()
| {
| return iconv_open ();
|   ;
|   return 0;
| }
configure:13179: result: no
configure:13189: checking for fabs in -lm
configure:13214: /opt/android-ndk-r8e/toolchains/arm-linux-androideabi-4.7/prebuilt/darwin-x86_64/bin/arm-linux-androideabi-gcc --sysroot=/opt/android-ndk-r8e/platforms/android-9/arch-arm/ -o conftest -mfloat-abi=softfp -mfpu=neon -marm -march=armv7-a -mtune=cortex-a8 -mthumb -D__thumb__  -I/Users/fschuetz/Dropbox/devel/android/FFmpeg-Android/jni/ffmpeg-build/armeabi-v7a/include/freetype2 -mfloat-abi=softfp -mfpu=neon -marm -march=armv7-a -mtune=cortex-a8 -mthumb -D__thumb__  -I/Users/fschuetz/Dropbox/devel/android/FFmpeg-Android/jni/ffmpeg-build/armeabi-v7a/include/freetype2  -Wl,-rpath-link=/opt/android-ndk-r8e/platforms/android-9/arch-arm//usr/lib -L/opt/android-ndk-r8e/platforms/android-9/arch-arm//usr/lib -lc -lm -ldl -llog conftest.c -lm   >&5
conftest.c:43:6: warning: conflicting types for built-in function 'fabs' [enabled by default]
configure:13214: $? = 0
configure:13223: result: yes
configure:13433: checking for arm-linux-pkg-config
configure:13466: result: no
configure:13476: checking for pkg-config
configure:13494: found /opt/boxen/homebrew/bin/pkg-config
configure:13506: result: /opt/boxen/homebrew/bin/pkg-config
configure:13518: WARNING: using cross tools not prefixed with host triplet
configure:13531: checking pkg-config is at least version 0.9.0
configure:13534: result: yes
configure:13544: checking for FREETYPE
configure:13551: $PKG_CONFIG --exists --print-errors "freetype2 >= 9.10.3"
configure:13554: $? = 0
configure:13568: $PKG_CONFIG --exists --print-errors "freetype2 >= 9.10.3"
configure:13571: $? = 0
configure:13629: result: yes
configure:13642: checking for FRIBIDI
configure:13649: $PKG_CONFIG --exists --print-errors "fribidi >= 0.19.0"
configure:13652: $? = 0
configure:13666: $PKG_CONFIG --exists --print-errors "fribidi >= 0.19.0"
configure:13669: $? = 0
configure:13727: result: yes
configure:13842: checking for HARFBUZZ
configure:13849: $PKG_CONFIG --exists --print-errors "harfbuzz >= 0.9.5"
Package harfbuzz was not found in the pkg-config search path.
Perhaps you should add the directory containing `harfbuzz.pc'
to the PKG_CONFIG_PATH environment variable
No package 'harfbuzz' found
configure:13852: $? = 1
configure:13866: $PKG_CONFIG --exists --print-errors "harfbuzz >= 0.9.5"
Package harfbuzz was not found in the pkg-config search path.
Perhaps you should add the directory containing `harfbuzz.pc'
to the PKG_CONFIG_PATH environment variable
No package 'harfbuzz' found
configure:13869: $? = 1
configure:13883: result: no
No package 'harfbuzz' found
configure:13923: checking for ENCA
configure:13930: $PKG_CONFIG --exists --print-errors "enca"
Package enca was not found in the pkg-config search path.
Perhaps you should add the directory containing `enca.pc'
to the PKG_CONFIG_PATH environment variable
No package 'enca' found
configure:13933: $? = 1
configure:13947: $PKG_CONFIG --exists --print-errors "enca"
Package enca was not found in the pkg-config search path.
Perhaps you should add the directory containing `enca.pc'
to the PKG_CONFIG_PATH environment variable
No package 'enca' found
configure:13950: $? = 1
configure:13964: result: no
No package 'enca' found
configure:14154: checking whether make supports nested variables
configure:14171: result: yes
configure:14294: checking that generated files are newer than configure
configure:14300: result: done
configure:14371: creating ./config.status

## ---------------------- ##
## Running config.status. ##
## ---------------------- ##

This file was extended by libass config.status 0.10.2, which was
generated by GNU Autoconf 2.69.  Invocation command line was

  CONFIG_FILES    = 
  CONFIG_HEADERS  = 
  CONFIG_LINKS    = 
  CONFIG_COMMANDS = 
  $ ./config.status 

on Fabians-Mac-Pro.local

config.status:1156: creating Makefile
config.status:1156: creating libass/Makefile
config.status:1156: creating test/Makefile
config.status:1156: creating profile/Makefile
config.status:1156: creating libass.pc
config.status:1156: creating config.h
config.status:1337: config.h is unchanged
config.status:1385: executing depfiles commands
config.status:1385: executing libtool commands
configure:16595: WARNING: unrecognized options: --enable-neon

## ---------------- ##
## Cache variables. ##
## ---------------- ##

ac_cv_build=i386-apple-darwin12.5.0
ac_cv_c_compiler_gnu=yes
ac_cv_c_const=yes
ac_cv_c_inline=inline
ac_cv_c_int64_t=yes
ac_cv_c_uint32_t=yes
ac_cv_c_uint8_t=yes
ac_cv_env_CCASFLAGS_set=
ac_cv_env_CCASFLAGS_value=
ac_cv_env_CCAS_set=
ac_cv_env_CCAS_value=
ac_cv_env_CC_set=set
ac_cv_env_CC_value='/opt/android-ndk-r8e/toolchains/arm-linux-androideabi-4.7/prebuilt/darwin-x86_64/bin/arm-linux-androideabi-gcc --sysroot=/opt/android-ndk-r8e/platforms/android-9/arch-arm/'
ac_cv_env_CFLAGS_set=set
ac_cv_env_CFLAGS_value='-mfloat-abi=softfp -mfpu=neon -marm -march=armv7-a -mtune=cortex-a8 -mthumb -D__thumb__  -I/Users/fschuetz/Dropbox/devel/android/FFmpeg-Android/jni/ffmpeg-build/armeabi-v7a/include/freetype2'
ac_cv_env_CPPFLAGS_set=set
ac_cv_env_CPPFLAGS_value='-mfloat-abi=softfp -mfpu=neon -marm -march=armv7-a -mtune=cortex-a8 -mthumb -D__thumb__  -I/Users/fschuetz/Dropbox/devel/android/FFmpeg-Android/jni/ffmpeg-build/armeabi-v7a/include/freetype2'
ac_cv_env_CPP_set=
ac_cv_env_CPP_value=
ac_cv_env_ENCA_CFLAGS_set=
ac_cv_env_ENCA_CFLAGS_value=
ac_cv_env_ENCA_LIBS_set=
ac_cv_env_ENCA_LIBS_value=
ac_cv_env_FONTCONFIG_CFLAGS_set=
ac_cv_env_FONTCONFIG_CFLAGS_value=
ac_cv_env_FONTCONFIG_LIBS_set=
ac_cv_env_FONTCONFIG_LIBS_value=
ac_cv_env_FREETYPE_CFLAGS_set=
ac_cv_env_FREETYPE_CFLAGS_value=
ac_cv_env_FREETYPE_LIBS_set=
ac_cv_env_FREETYPE_LIBS_value=
ac_cv_env_FRIBIDI_CFLAGS_set=
ac_cv_env_FRIBIDI_CFLAGS_value=
ac_cv_env_FRIBIDI_LIBS_set=
ac_cv_env_FRIBIDI_LIBS_value=
ac_cv_env_HARFBUZZ_CFLAGS_set=
ac_cv_env_HARFBUZZ_CFLAGS_value=
ac_cv_env_HARFBUZZ_LIBS_set=
ac_cv_env_HARFBUZZ_LIBS_value=
ac_cv_env_LDFLAGS_set=set
ac_cv_env_LDFLAGS_value=' -Wl,-rpath-link=/opt/android-ndk-r8e/platforms/android-9/arch-arm//usr/lib -L/opt/android-ndk-r8e/platforms/android-9/arch-arm//usr/lib -lc -lm -ldl -llog'
ac_cv_env_LIBPNG_CFLAGS_set=
ac_cv_env_LIBPNG_CFLAGS_value=
ac_cv_env_LIBPNG_LIBS_set=
ac_cv_env_LIBPNG_LIBS_value=
ac_cv_env_LIBS_set=
ac_cv_env_LIBS_value=
ac_cv_env_PKG_CONFIG_LIBDIR_set=set
ac_cv_env_PKG_CONFIG_LIBDIR_value=/Users/fschuetz/Dropbox/devel/android/FFmpeg-Android/jni/libass/../ffmpeg-build/armeavi-v7a-neon/lib/pkgconfig/
ac_cv_env_PKG_CONFIG_PATH_set=set
ac_cv_env_PKG_CONFIG_PATH_value=/Users/fschuetz/Dropbox/devel/android/FFmpeg-Android/jni/libass/../ffmpeg-build/armeavi-v7a-neon/lib/pkgconfig/
ac_cv_env_PKG_CONFIG_set=
ac_cv_env_PKG_CONFIG_value=
ac_cv_env_build_alias_set=
ac_cv_env_build_alias_value=
ac_cv_env_host_alias_set=set
ac_cv_env_host_alias_value=arm-linux
ac_cv_env_target_alias_set=
ac_cv_env_target_alias_value=
ac_cv_func_mkdir=yes
ac_cv_func_strcasecmp=yes
ac_cv_func_strdup=yes
ac_cv_func_strtol=yes
ac_cv_header_dlfcn_h=yes
ac_cv_header_iconv_h=no
ac_cv_header_inttypes_h=yes
ac_cv_header_memory_h=yes
ac_cv_header_stdbool_h=yes
ac_cv_header_stdc=yes
ac_cv_header_stdint_h=yes
ac_cv_header_stdlib_h=yes
ac_cv_header_string_h=yes
ac_cv_header_strings_h=yes
ac_cv_header_sys_stat_h=yes
ac_cv_header_sys_time_h=yes
ac_cv_header_sys_types_h=yes
ac_cv_header_unistd_h=yes
ac_cv_host=arm-unknown-linux-gnu
ac_cv_lib_m_fabs=yes
ac_cv_objext=o
ac_cv_path_EGREP='/usr/bin/grep -E'
ac_cv_path_FGREP='/usr/bin/grep -F'
ac_cv_path_GREP=/usr/bin/grep
ac_cv_path_SED=/usr/local/bin/sed
ac_cv_path_ac_pt_PKG_CONFIG=/opt/boxen/homebrew/bin/pkg-config
ac_cv_path_install='/usr/local/bin/install -c'
ac_cv_path_mkdir=/usr/local/bin/mkdir
ac_cv_prog_AR=/opt/android-ndk-r8e/toolchains/arm-linux-androideabi-4.7/prebuilt/darwin-x86_64/bin/arm-linux-androideabi-ar
ac_cv_prog_AWK=awk
ac_cv_prog_CC='/opt/android-ndk-r8e/toolchains/arm-linux-androideabi-4.7/prebuilt/darwin-x86_64/bin/arm-linux-androideabi-gcc --sysroot=/opt/android-ndk-r8e/platforms/android-9/arch-arm/'
ac_cv_prog_CPP='/opt/android-ndk-r8e/toolchains/arm-linux-androideabi-4.7/prebuilt/darwin-x86_64/bin/arm-linux-androideabi-gcc --sysroot=/opt/android-ndk-r8e/platforms/android-9/arch-arm/ -E'
ac_cv_prog_RANLIB=/opt/android-ndk-r8e/toolchains/arm-linux-androideabi-4.7/prebuilt/darwin-x86_64/bin/arm-linux-androideabi-ranlib
ac_cv_prog_STRIP=/opt/android-ndk-r8e/toolchains/arm-linux-androideabi-4.7/prebuilt/darwin-x86_64/bin/arm-linux-androideabi-strip
ac_cv_prog_cc_c89=
ac_cv_prog_cc_g=yes
ac_cv_prog_make_make_set=yes
ac_cv_search_iconv_open=no
ac_cv_type__Bool=yes
ac_cv_type_size_t=yes
am_cv_CCAS_dependencies_compiler_type=none
am_cv_CC_dependencies_compiler_type=none
am_cv_make_support_nested_variables=yes
am_cv_prog_cc_c_o=yes
lt_cv_ar_at_file=@
lt_cv_deplibs_check_method=pass_all
lt_cv_file_magic_cmd='$MAGIC_CMD'
lt_cv_file_magic_test_file=
lt_cv_ld_reload_flag=-r
lt_cv_nm_interface='BSD nm'
lt_cv_objdir=.libs
lt_cv_path_LD=/opt/android-ndk-r8e/toolchains/arm-linux-androideabi-4.7/prebuilt/darwin-x86_64/arm-linux-androideabi/bin/ld
lt_cv_path_NM=/opt/android-ndk-r8e/toolchains/arm-linux-androideabi-4.7/prebuilt/darwin-x86_64/bin/arm-linux-androideabi-nm
lt_cv_path_mainfest_tool=no
lt_cv_prog_compiler_c_o=yes
lt_cv_prog_compiler_pic='-fPIC -DPIC'
lt_cv_prog_compiler_pic_works=yes
lt_cv_prog_compiler_rtti_exceptions=no
lt_cv_prog_compiler_static_works=no
lt_cv_prog_gnu_ld=yes
lt_cv_sharedlib_from_linklib_cmd='printf %s\n'
lt_cv_shlibpath_overrides_runpath=no
lt_cv_sys_global_symbol_pipe='sed -n -e '\''s/^.*[	 ]\([ABCDGIRSTW][ABCDGIRSTW]*\)[	 ][	 ]*\([_A-Za-z][_A-Za-z0-9]*\)$/\1 \2 \2/p'\'' | sed '\''/ __gnu_lto/d'\'''
lt_cv_sys_global_symbol_to_c_name_address='sed -n -e '\''s/^: \([^ ]*\)[ ]*$/  {\"\1\", (void *) 0},/p'\'' -e '\''s/^[ABCDGIRSTW]* \([^ ]*\) \([^ ]*\)$/  {"\2", (void *) \&\2},/p'\'''
lt_cv_sys_global_symbol_to_c_name_address_lib_prefix='sed -n -e '\''s/^: \([^ ]*\)[ ]*$/  {\"\1\", (void *) 0},/p'\'' -e '\''s/^[ABCDGIRSTW]* \([^ ]*\) \(lib[^ ]*\)$/  {"\2", (void *) \&\2},/p'\'' -e '\''s/^[ABCDGIRSTW]* \([^ ]*\) \([^ ]*\)$/  {"lib\2", (void *) \&\2},/p'\'''
lt_cv_sys_global_symbol_to_cdecl='sed -n -e '\''s/^T .* \(.*\)$/extern int \1();/p'\'' -e '\''s/^[ABCDGIRSTW]* .* \(.*\)$/extern char \1;/p'\'''
lt_cv_sys_max_cmd_len=196608
lt_cv_to_host_file_cmd=func_convert_file_noop
lt_cv_to_tool_file_cmd=func_convert_file_noop
pkg_cv_FREETYPE_CFLAGS='-I/Users/fschuetz/Dropbox/devel/android/FFMpeg/jni/freetype2/../ffmpeg-build/x86/include/freetype2 '
pkg_cv_FREETYPE_LIBS='-L/Users/fschuetz/Dropbox/devel/android/FFMpeg/jni/freetype2/../ffmpeg-build/x86/lib -lfreetype '
pkg_cv_FRIBIDI_CFLAGS='-I/Users/fschuetz/Dropbox/devel/android/FFmpeg-Android/jni/fribidi/../ffmpeg-build/armeavi-v7a-neon/include/fribidi '
pkg_cv_FRIBIDI_LIBS='-L/Users/fschuetz/Dropbox/devel/android/FFmpeg-Android/jni/fribidi/../ffmpeg-build/armeavi-v7a-neon/lib -lfribidi '

## ----------------- ##
## Output variables. ##
## ----------------- ##

ACLOCAL='${SHELL} /Users/fschuetz/Dropbox/devel/android/FFmpeg-Android/jni/libass/missing aclocal-1.14'
AMDEPBACKSLASH=''
AMDEP_FALSE=''
AMDEP_TRUE='#'
AMTAR='$${TAR-tar}'
AM_BACKSLASH='\'
AM_DEFAULT_V='$(AM_DEFAULT_VERBOSITY)'
AM_DEFAULT_VERBOSITY='0'
AM_V='$(V)'
AR='/opt/android-ndk-r8e/toolchains/arm-linux-androideabi-4.7/prebuilt/darwin-x86_64/bin/arm-linux-androideabi-ar'
ARM_FALSE='#'
ARM_TRUE=''
ASFLAGS=''
ASM_FALSE='#'
ASM_TRUE=''
AUTOCONF='${SHELL} /Users/fschuetz/Dropbox/devel/android/FFmpeg-Android/jni/libass/missing autoconf'
AUTOHEADER='${SHELL} /Users/fschuetz/Dropbox/devel/android/FFmpeg-Android/jni/libass/missing autoheader'
AUTOMAKE='${SHELL} /Users/fschuetz/Dropbox/devel/android/FFmpeg-Android/jni/libass/missing automake-1.14'
AWK='awk'
CC='/opt/android-ndk-r8e/toolchains/arm-linux-androideabi-4.7/prebuilt/darwin-x86_64/bin/arm-linux-androideabi-gcc --sysroot=/opt/android-ndk-r8e/platforms/android-9/arch-arm/'
CCAS='/opt/android-ndk-r8e/toolchains/arm-linux-androideabi-4.7/prebuilt/darwin-x86_64/bin/arm-linux-androideabi-gcc --sysroot=/opt/android-ndk-r8e/platforms/android-9/arch-arm/'
CCASDEPMODE='depmode=none'
CCASFLAGS='-mfloat-abi=softfp -mfpu=neon -marm -march=armv7-a -mtune=cortex-a8 -mthumb -D__thumb__  -I/Users/fschuetz/Dropbox/devel/android/FFmpeg-Android/jni/ffmpeg-build/armeabi-v7a/include/freetype2'
CCDEPMODE='depmode=none'
CFLAGS='-mfloat-abi=softfp -mfpu=neon -marm -march=armv7-a -mtune=cortex-a8 -mthumb -D__thumb__  -I/Users/fschuetz/Dropbox/devel/android/FFmpeg-Android/jni/ffmpeg-build/armeabi-v7a/include/freetype2 -I/Users/fschuetz/Dropbox/devel/android/FFMpeg/jni/freetype2/../ffmpeg-build/x86/include/freetype2  -I/Users/fschuetz/Dropbox/devel/android/FFmpeg-Android/jni/fribidi/../ffmpeg-build/armeavi-v7a-neon/include/fribidi '
CPP='/opt/android-ndk-r8e/toolchains/arm-linux-androideabi-4.7/prebuilt/darwin-x86_64/bin/arm-linux-androideabi-gcc --sysroot=/opt/android-ndk-r8e/platforms/android-9/arch-arm/ -E'
CPPFLAGS='-mfloat-abi=softfp -mfpu=neon -marm -march=armv7-a -mtune=cortex-a8 -mthumb -D__thumb__  -I/Users/fschuetz/Dropbox/devel/android/FFmpeg-Android/jni/ffmpeg-build/armeabi-v7a/include/freetype2'
CYGPATH_W='echo'
DEFS='-DHAVE_CONFIG_H'
DEPDIR='.deps'
DLLTOOL='false'
DSYMUTIL=''
DUMPBIN=''
ECHO_C='\c'
ECHO_N=''
ECHO_T=''
EGREP='/usr/bin/grep -E'
ELF_FALSE='#'
ELF_TRUE=''
ENABLE_PROFILE_FALSE=''
ENABLE_PROFILE_TRUE='#'
ENCA_CFLAGS=''
ENCA_LIBS=''
EXEEXT=''
FGREP='/usr/bin/grep -F'
FONTCONFIG_CFLAGS=''
FONTCONFIG_LIBS=''
FREETYPE_CFLAGS='-I/Users/fschuetz/Dropbox/devel/android/FFMpeg/jni/freetype2/../ffmpeg-build/x86/include/freetype2 '
FREETYPE_LIBS='-L/Users/fschuetz/Dropbox/devel/android/FFMpeg/jni/freetype2/../ffmpeg-build/x86/lib -lfreetype '
FRIBIDI_CFLAGS='-I/Users/fschuetz/Dropbox/devel/android/FFmpeg-Android/jni/fribidi/../ffmpeg-build/armeavi-v7a-neon/include/fribidi '
FRIBIDI_LIBS='-L/Users/fschuetz/Dropbox/devel/android/FFmpeg-Android/jni/fribidi/../ffmpeg-build/armeavi-v7a-neon/lib -lfribidi '
GREP='/usr/bin/grep'
HARFBUZZ_CFLAGS=''
HARFBUZZ_LIBS=''
HAVE_LIBPNG_FALSE=''
HAVE_LIBPNG_TRUE='#'
INSTALL_DATA='${INSTALL} -m 644'
INSTALL_PROGRAM='${INSTALL}'
INSTALL_SCRIPT='${INSTALL}'
INSTALL_STRIP_PROGRAM='$(install_sh) -c -s'
INTEL_FALSE=''
INTEL_TRUE='#'
LD='/opt/android-ndk-r8e/toolchains/arm-linux-androideabi-4.7/prebuilt/darwin-x86_64/arm-linux-androideabi/bin/ld'
LDFLAGS=' -Wl,-rpath-link=/opt/android-ndk-r8e/platforms/android-9/arch-arm//usr/lib -L/opt/android-ndk-r8e/platforms/android-9/arch-arm//usr/lib -lc -lm -ldl -llog'
LIBOBJS=''
LIBPNG_CFLAGS=''
LIBPNG_LIBS=''
LIBS='-lm  -L/Users/fschuetz/Dropbox/devel/android/FFMpeg/jni/freetype2/../ffmpeg-build/x86/lib -lfreetype  -L/Users/fschuetz/Dropbox/devel/android/FFmpeg-Android/jni/fribidi/../ffmpeg-build/armeavi-v7a-neon/lib -lfribidi '
LIBTOOL='$(SHELL) $(top_builddir)/libtool'
LIPO=''
LN_S='ln -s'
LTLIBOBJS=''
MACHO_FALSE=''
MACHO_TRUE='#'
MAKEINFO='${SHELL} /Users/fschuetz/Dropbox/devel/android/FFmpeg-Android/jni/libass/missing makeinfo'
MANIFEST_TOOL=':'
MKDIR_P='/usr/local/bin/mkdir -p'
NM='/opt/android-ndk-r8e/toolchains/arm-linux-androideabi-4.7/prebuilt/darwin-x86_64/bin/arm-linux-androideabi-nm'
NMEDIT=''
OBJDUMP='false'
OBJEXT='o'
OTOOL64=''
OTOOL=''
PACKAGE='libass'
PACKAGE_BUGREPORT=''
PACKAGE_NAME='libass'
PACKAGE_STRING='libass 0.10.2'
PACKAGE_TARNAME='libass'
PACKAGE_URL=''
PACKAGE_VERSION='0.10.2'
PATH_SEPARATOR=':'
PKG_CONFIG='/opt/boxen/homebrew/bin/pkg-config'
PKG_CONFIG_LIBDIR='/Users/fschuetz/Dropbox/devel/android/FFmpeg-Android/jni/libass/../ffmpeg-build/armeavi-v7a-neon/lib/pkgconfig/'
PKG_CONFIG_PATH='/Users/fschuetz/Dropbox/devel/android/FFmpeg-Android/jni/libass/../ffmpeg-build/armeavi-v7a-neon/lib/pkgconfig/'
PKG_LIBS_DEFAULT='-lm'
PKG_LIBS_PRIVATE=''
PKG_REQUIRES_DEFAULT='fribidi >= 0.19.0, freetype2 >= 9.10.3'
PKG_REQUIRES_PRIVATE=''
RANLIB='/opt/android-ndk-r8e/toolchains/arm-linux-androideabi-4.7/prebuilt/darwin-x86_64/bin/arm-linux-androideabi-ranlib'
SED='/usr/local/bin/sed'
SET_MAKE=''
SHELL='/bin/sh'
STRIP='/opt/android-ndk-r8e/toolchains/arm-linux-androideabi-4.7/prebuilt/darwin-x86_64/bin/arm-linux-androideabi-strip'
VERSION='0.10.2'
WIN32_FALSE=''
WIN32_TRUE='#'
X64_FALSE=''
X64_TRUE='#'
X86_FALSE=''
X86_TRUE='#'
YASM_CHECK=''
ac_ct_AR=''
ac_ct_CC=''
ac_ct_DUMPBIN=''
am__EXEEXT_FALSE=''
am__EXEEXT_TRUE='#'
am__fastdepCCAS_FALSE=''
am__fastdepCCAS_TRUE='#'
am__fastdepCC_FALSE=''
am__fastdepCC_TRUE='#'
am__include='include'
am__isrc=''
am__leading_dot='.'
am__nodep=''
am__quote=''
am__tar='$${TAR-tar} chof - "$$tardir"'
am__untar='$${TAR-tar} xf -'
bindir='${exec_prefix}/bin'
build='i386-apple-darwin12.5.0'
build_alias=''
build_cpu='i386'
build_os='darwin12.5.0'
build_vendor='apple'
datadir='${datarootdir}'
datarootdir='${prefix}/share'
docdir='${datarootdir}/doc/${PACKAGE_TARNAME}'
dvidir='${docdir}'
exec_prefix='${prefix}'
host='arm-unknown-linux-gnu'
host_alias='arm-linux'
host_cpu='arm'
host_os='linux-gnu'
host_vendor='unknown'
htmldir='${docdir}'
includedir='${prefix}/include'
infodir='${datarootdir}/info'
install_sh='${SHELL} /Users/fschuetz/Dropbox/devel/android/FFmpeg-Android/jni/libass/install-sh'
libdir='${exec_prefix}/lib'
libexecdir='${exec_prefix}/libexec'
localedir='${datarootdir}/locale'
localstatedir='${prefix}/var'
mandir='${datarootdir}/man'
mkdir_p='$(MKDIR_P)'
oldincludedir='/usr/include'
pdfdir='${docdir}'
prefix='/Users/fschuetz/Dropbox/devel/android/FFmpeg-Android/jni/libass/../ffmpeg-build/armeavi-v7a-neon'
program_transform_name='s,x,x,'
psdir='${docdir}'
sbindir='${exec_prefix}/sbin'
sharedstatedir='${prefix}/com'
sysconfdir='${prefix}/etc'
target_alias=''

## ----------- ##
## confdefs.h. ##
## ----------- ##

/* confdefs.h */
#define PACKAGE_NAME "libass"
#define PACKAGE_TARNAME "libass"
#define PACKAGE_VERSION "0.10.2"
#define PACKAGE_STRING "libass 0.10.2"
#define PACKAGE_BUGREPORT ""
#define PACKAGE_URL ""
#define PACKAGE "libass"
#define VERSION "0.10.2"
#define STDC_HEADERS 1
#define HAVE_SYS_TYPES_H 1
#define HAVE_SYS_STAT_H 1
#define HAVE_STDLIB_H 1
#define HAVE_STRING_H 1
#define HAVE_MEMORY_H 1
#define HAVE_STRINGS_H 1
#define HAVE_INTTYPES_H 1
#define HAVE_STDINT_H 1
#define HAVE_UNISTD_H 1
#define HAVE_DLFCN_H 1
#define LT_OBJDIR ".libs/"
#define STDC_HEADERS 1
#define HAVE__BOOL 1
#define HAVE_STDBOOL_H 1
#define HAVE_INTTYPES_H 1
#define HAVE_STDINT_H 1
#define HAVE_STDLIB_H 1
#define HAVE_STRING_H 1
#define HAVE_SYS_TIME_H 1
#define HAVE_UNISTD_H 1
#define HAVE_MKDIR 1
#define HAVE_STRCASECMP 1
#define HAVE_STRDUP 1
#define HAVE_STRTOL 1
#define HAVE_LIBM 1
#define CONFIG_ASM 1
#define CONFIG_FREETYPE 1
#define CONFIG_FRIBIDI 1

configure: exit 0
